2025-09-30 17:44:06,921 - INFO - Using device: cuda:0
2025-09-30 17:44:06,921 - INFO - Running experiment with config: {'model_name': 'dino', 'epochs': 1000, 'batch_size': 96}
2025-09-30 17:44:07,656 - INFO - Loaded 130000 labeled training images and 5000 validation images.
2025-09-30 17:44:09,966 - INFO - Initialized dino model.
2025-09-30 17:44:10,108 - INFO - Pre-training will run for 1003000 total steps.
2025-09-30 17:44:10,111 - INFO - Starting pre-training for dino...
2025-09-30 17:44:10,111 - INFO - ============================================================
2025-09-30 17:44:10,111 - INFO - Training for DINO started for 1000 epochs.
2025-09-30 17:44:10,112 - INFO - ============================================================
2025-09-30 17:59:47,237 - INFO - Epoch finished. Average Loss: 10.7360
2025-09-30 18:15:11,584 - INFO - Epoch finished. Average Loss: 9.8706
2025-09-30 18:30:32,910 - INFO - Epoch finished. Average Loss: 8.9797
2025-09-30 18:45:51,692 - INFO - Epoch finished. Average Loss: 7.8176
2025-09-30 19:01:25,939 - INFO - Epoch finished. Average Loss: 6.7956
2025-09-30 19:17:50,049 - INFO - Epoch finished. Average Loss: 6.1259
2025-09-30 19:34:31,969 - INFO - Epoch finished. Average Loss: 5.5249
2025-09-30 19:51:04,917 - INFO - Epoch finished. Average Loss: 5.0486
2025-09-30 20:06:59,431 - INFO - Epoch finished. Average Loss: 4.6799
2025-09-30 20:22:48,114 - INFO - Epoch finished. Average Loss: 4.4005
2025-09-30 20:38:14,758 - INFO - Epoch finished. Average Loss: 4.2232
2025-09-30 20:53:38,105 - INFO - Epoch finished. Average Loss: 4.0699
2025-09-30 21:08:58,917 - INFO - Epoch finished. Average Loss: 3.9368
2025-09-30 21:24:20,641 - INFO - Epoch finished. Average Loss: 3.8442
2025-09-30 21:39:41,369 - INFO - Epoch finished. Average Loss: 3.7342
2025-09-30 21:55:04,061 - INFO - Epoch finished. Average Loss: 3.6595
2025-09-30 22:10:24,159 - INFO - Epoch finished. Average Loss: 3.5664
2025-09-30 22:25:43,015 - INFO - Epoch finished. Average Loss: 3.4846
2025-09-30 22:41:00,356 - INFO - Epoch finished. Average Loss: 3.4156
2025-09-30 22:56:18,440 - INFO - Epoch finished. Average Loss: 3.3465
2025-09-30 23:11:39,346 - INFO - Epoch finished. Average Loss: 3.2798
2025-09-30 23:26:57,259 - INFO - Epoch finished. Average Loss: 3.2284
2025-09-30 23:42:16,774 - INFO - Epoch finished. Average Loss: 3.1632
2025-09-30 23:57:37,362 - INFO - Epoch finished. Average Loss: 3.0993
2025-10-01 00:12:56,948 - INFO - Epoch finished. Average Loss: 3.0383
2025-10-01 00:28:15,958 - INFO - Epoch finished. Average Loss: 2.9866
2025-10-01 00:43:33,800 - INFO - Epoch finished. Average Loss: 2.9147
2025-10-01 00:58:52,117 - INFO - Epoch finished. Average Loss: 2.8721
2025-10-01 01:14:10,554 - INFO - Epoch finished. Average Loss: 2.8557
2025-10-01 01:29:29,506 - INFO - Epoch finished. Average Loss: 2.8116
2025-10-01 01:44:46,530 - INFO - Epoch finished. Average Loss: 2.7731
2025-10-01 02:00:04,817 - INFO - Epoch finished. Average Loss: 2.7398
2025-10-01 02:15:21,572 - INFO - Epoch finished. Average Loss: 2.7075
2025-10-01 02:30:40,825 - INFO - Epoch finished. Average Loss: 2.6506
2025-10-01 02:45:58,584 - INFO - Epoch finished. Average Loss: 2.6259
2025-10-01 03:01:15,321 - INFO - Epoch finished. Average Loss: 2.6180
2025-10-01 03:16:32,703 - INFO - Epoch finished. Average Loss: 2.5923
2025-10-01 03:31:51,577 - INFO - Epoch finished. Average Loss: 2.5632
2025-10-01 03:47:08,370 - INFO - Epoch finished. Average Loss: 2.5498
2025-10-01 04:02:26,857 - INFO - Epoch finished. Average Loss: 2.5291
2025-10-01 04:17:44,182 - INFO - Epoch finished. Average Loss: 2.5078
2025-10-01 04:33:03,479 - INFO - Epoch finished. Average Loss: 2.4724
2025-10-01 04:48:21,604 - INFO - Epoch finished. Average Loss: 2.4454
2025-10-01 05:03:38,770 - INFO - Epoch finished. Average Loss: 2.4232
2025-10-01 05:18:58,229 - INFO - Epoch finished. Average Loss: 2.3875
2025-10-01 05:34:15,480 - INFO - Epoch finished. Average Loss: 2.3694
2025-10-01 05:49:34,161 - INFO - Epoch finished. Average Loss: 2.3603
2025-10-01 06:04:51,890 - INFO - Epoch finished. Average Loss: 2.3257
2025-10-01 06:20:10,631 - INFO - Epoch finished. Average Loss: 2.3015
2025-10-01 06:35:29,034 - INFO - Epoch finished. Average Loss: 2.2904
2025-10-01 06:50:44,975 - INFO - Epoch finished. Average Loss: 2.2850
2025-10-01 07:06:03,157 - INFO - Epoch finished. Average Loss: 2.2565
2025-10-01 07:21:20,585 - INFO - Epoch finished. Average Loss: 2.2452
2025-10-01 07:36:38,710 - INFO - Epoch finished. Average Loss: 2.2368
2025-10-01 07:51:58,263 - INFO - Epoch finished. Average Loss: 2.2275
2025-10-01 08:07:17,642 - INFO - Epoch finished. Average Loss: 2.2369
2025-10-01 08:22:35,951 - INFO - Epoch finished. Average Loss: 2.2204
2025-10-01 08:37:54,165 - INFO - Epoch finished. Average Loss: 2.1980
2025-10-01 08:53:15,060 - INFO - Epoch finished. Average Loss: 2.1833
2025-10-01 09:08:34,060 - INFO - Epoch finished. Average Loss: 2.1865
2025-10-01 09:23:52,818 - INFO - Epoch finished. Average Loss: 2.1759
2025-10-01 09:39:11,540 - INFO - Epoch finished. Average Loss: 2.1577
2025-10-01 09:54:29,542 - INFO - Epoch finished. Average Loss: 2.1505
2025-10-01 10:09:46,955 - INFO - Epoch finished. Average Loss: 2.1383
2025-10-01 10:25:04,781 - INFO - Epoch finished. Average Loss: 2.1173
2025-10-01 10:40:21,811 - INFO - Epoch finished. Average Loss: 2.0898
2025-10-01 10:55:42,030 - INFO - Epoch finished. Average Loss: 2.0724
2025-10-01 11:11:03,416 - INFO - Epoch finished. Average Loss: 2.0705
2025-10-01 11:26:22,575 - INFO - Epoch finished. Average Loss: 2.0712
2025-10-01 11:41:41,738 - INFO - Epoch finished. Average Loss: 2.0565
2025-10-01 11:57:02,263 - INFO - Epoch finished. Average Loss: 2.0332
2025-10-01 12:12:20,493 - INFO - Epoch finished. Average Loss: 2.0212
2025-10-01 12:27:40,112 - INFO - Epoch finished. Average Loss: 2.0150
2025-10-01 12:42:57,564 - INFO - Epoch finished. Average Loss: 1.9947
2025-10-01 12:58:14,607 - INFO - Epoch finished. Average Loss: 1.9689
2025-10-01 13:13:33,171 - INFO - Epoch finished. Average Loss: 1.9588
2025-10-01 13:28:49,784 - INFO - Epoch finished. Average Loss: 1.9479
2025-10-01 13:44:09,384 - INFO - Epoch finished. Average Loss: 1.9292
2025-10-01 13:59:29,097 - INFO - Epoch finished. Average Loss: 1.9146
2025-10-01 14:14:49,345 - INFO - Epoch finished. Average Loss: 1.8984
2025-10-01 14:30:12,110 - INFO - Epoch finished. Average Loss: 1.8841
2025-10-01 14:45:33,733 - INFO - Epoch finished. Average Loss: 1.8484
2025-10-01 15:00:54,838 - INFO - Epoch finished. Average Loss: 1.8448
2025-10-01 15:16:17,667 - INFO - Epoch finished. Average Loss: 1.8339
2025-10-01 15:31:41,205 - INFO - Epoch finished. Average Loss: 1.8041
2025-10-01 15:47:04,266 - INFO - Epoch finished. Average Loss: 1.7745
2025-10-01 16:02:26,014 - INFO - Epoch finished. Average Loss: 1.7576
2025-10-01 16:17:46,972 - INFO - Epoch finished. Average Loss: 1.7476
2025-10-01 16:33:05,679 - INFO - Epoch finished. Average Loss: 1.7400
2025-10-01 16:48:24,926 - INFO - Epoch finished. Average Loss: 1.7189
2025-10-01 17:03:42,806 - INFO - Epoch finished. Average Loss: 1.7041
2025-10-01 17:18:59,725 - INFO - Epoch finished. Average Loss: 1.6747
2025-10-01 17:34:16,618 - INFO - Epoch finished. Average Loss: 1.6546
2025-10-01 17:49:34,963 - INFO - Epoch finished. Average Loss: 1.6463
2025-10-01 18:04:51,331 - INFO - Epoch finished. Average Loss: 1.6441
2025-10-01 18:20:08,800 - INFO - Epoch finished. Average Loss: 1.6281
2025-10-01 18:35:25,678 - INFO - Epoch finished. Average Loss: 1.6084
2025-10-01 18:50:43,887 - INFO - Epoch finished. Average Loss: 1.5971
2025-10-01 19:06:00,892 - INFO - Epoch finished. Average Loss: 1.5832
2025-10-01 19:21:18,750 - INFO - Epoch finished. Average Loss: 1.5744
2025-10-01 19:36:35,141 - INFO - Epoch finished. Average Loss: 1.5796
2025-10-01 19:51:50,663 - INFO - Epoch finished. Average Loss: 1.5482
2025-10-01 20:07:06,663 - INFO - Epoch finished. Average Loss: 1.5142
2025-10-01 20:22:24,780 - INFO - Epoch finished. Average Loss: 1.4978
2025-10-01 20:37:44,475 - INFO - Epoch finished. Average Loss: 1.4813
2025-10-01 20:53:01,244 - INFO - Epoch finished. Average Loss: 1.4716
2025-10-01 21:08:18,044 - INFO - Epoch finished. Average Loss: 1.4616
2025-10-01 21:23:37,757 - INFO - Epoch finished. Average Loss: 1.4475
2025-10-01 21:38:55,777 - INFO - Epoch finished. Average Loss: 1.4435
2025-10-01 21:54:11,852 - INFO - Epoch finished. Average Loss: 1.4370
2025-10-01 22:09:29,172 - INFO - Epoch finished. Average Loss: 1.4314
2025-10-01 22:24:46,630 - INFO - Epoch finished. Average Loss: 1.3931
2025-10-01 22:40:03,045 - INFO - Epoch finished. Average Loss: 1.3702
2025-10-01 22:55:19,410 - INFO - Epoch finished. Average Loss: 1.3669
2025-10-01 23:10:37,097 - INFO - Epoch finished. Average Loss: 1.3522
2025-10-01 23:25:54,509 - INFO - Epoch finished. Average Loss: 1.3360
2025-10-01 23:41:10,876 - INFO - Epoch finished. Average Loss: 1.3151
2025-10-01 23:56:28,492 - INFO - Epoch finished. Average Loss: 1.3118
2025-10-02 00:11:44,855 - INFO - Epoch finished. Average Loss: 1.3336
2025-10-02 00:27:02,886 - INFO - Epoch finished. Average Loss: 1.3047
2025-10-02 00:42:22,720 - INFO - Epoch finished. Average Loss: 1.2744
2025-10-02 00:57:43,580 - INFO - Epoch finished. Average Loss: 1.2712
2025-10-02 01:13:02,127 - INFO - Epoch finished. Average Loss: 1.2647
2025-10-02 01:28:21,018 - INFO - Epoch finished. Average Loss: 1.2399
2025-10-02 01:43:39,410 - INFO - Epoch finished. Average Loss: 1.2238
2025-10-02 01:58:58,736 - INFO - Epoch finished. Average Loss: 1.2099
2025-10-02 02:14:17,575 - INFO - Epoch finished. Average Loss: 1.2096
2025-10-02 02:29:35,731 - INFO - Epoch finished. Average Loss: 1.2028
2025-10-02 02:44:53,214 - INFO - Epoch finished. Average Loss: 1.1894
2025-10-02 03:00:10,720 - INFO - Epoch finished. Average Loss: 1.1699
2025-10-02 03:15:26,521 - INFO - Epoch finished. Average Loss: 1.1544
2025-10-02 03:30:47,075 - INFO - Epoch finished. Average Loss: 1.1442
2025-10-02 03:46:03,762 - INFO - Epoch finished. Average Loss: 1.1508
2025-10-02 04:01:20,060 - INFO - Epoch finished. Average Loss: 1.1288
2025-10-02 04:16:37,752 - INFO - Epoch finished. Average Loss: 1.1262
2025-10-02 04:31:53,237 - INFO - Epoch finished. Average Loss: 1.1245
2025-10-02 04:47:09,684 - INFO - Epoch finished. Average Loss: 1.1288
2025-10-02 05:02:26,531 - INFO - Epoch finished. Average Loss: 1.1132
2025-10-02 05:17:44,143 - INFO - Epoch finished. Average Loss: 1.0970
2025-10-02 05:33:01,452 - INFO - Epoch finished. Average Loss: 1.0817
2025-10-02 05:48:18,139 - INFO - Epoch finished. Average Loss: 1.0765
2025-10-02 06:03:34,657 - INFO - Epoch finished. Average Loss: 1.0685
2025-10-02 06:18:50,725 - INFO - Epoch finished. Average Loss: 1.0575
2025-10-02 06:34:09,056 - INFO - Epoch finished. Average Loss: 1.0420
2025-10-02 06:49:25,685 - INFO - Epoch finished. Average Loss: 1.0282
2025-10-02 07:04:42,530 - INFO - Epoch finished. Average Loss: 1.0211
2025-10-02 07:19:59,534 - INFO - Epoch finished. Average Loss: 1.0148
2025-10-02 07:35:17,139 - INFO - Epoch finished. Average Loss: 1.0178
2025-10-02 07:50:34,063 - INFO - Epoch finished. Average Loss: 1.0300
2025-10-02 08:05:49,297 - INFO - Epoch finished. Average Loss: 1.0179
2025-10-02 08:21:05,875 - INFO - Epoch finished. Average Loss: 0.9963
2025-10-02 08:36:22,514 - INFO - Epoch finished. Average Loss: 0.9854
2025-10-02 08:51:39,996 - INFO - Epoch finished. Average Loss: 0.9830
2025-10-02 09:06:56,291 - INFO - Epoch finished. Average Loss: 0.9743
2025-10-02 09:22:12,745 - INFO - Epoch finished. Average Loss: 0.9601
2025-10-02 09:37:29,357 - INFO - Epoch finished. Average Loss: 0.9491
2025-10-02 09:52:44,358 - INFO - Epoch finished. Average Loss: 0.9452
2025-10-02 10:08:00,829 - INFO - Epoch finished. Average Loss: 0.9430
2025-10-02 10:23:16,068 - INFO - Epoch finished. Average Loss: 0.9665
2025-10-02 10:38:30,417 - INFO - Epoch finished. Average Loss: 0.9923
2025-10-02 10:53:44,158 - INFO - Epoch finished. Average Loss: 0.9600
2025-10-02 11:08:59,411 - INFO - Epoch finished. Average Loss: 0.9424
2025-10-02 11:24:14,957 - INFO - Epoch finished. Average Loss: 0.9273
2025-10-02 11:39:30,626 - INFO - Epoch finished. Average Loss: 0.9140
2025-10-02 11:54:45,326 - INFO - Epoch finished. Average Loss: 0.9100
2025-10-02 12:10:00,854 - INFO - Epoch finished. Average Loss: 0.8996
2025-10-02 12:25:15,694 - INFO - Epoch finished. Average Loss: 0.8959
2025-10-02 12:40:30,754 - INFO - Epoch finished. Average Loss: 0.8845
2025-10-02 12:55:46,037 - INFO - Epoch finished. Average Loss: 0.8771
2025-10-02 13:11:01,524 - INFO - Epoch finished. Average Loss: 0.8703
2025-10-02 13:26:16,588 - INFO - Epoch finished. Average Loss: 0.8662
2025-10-02 13:41:30,863 - INFO - Epoch finished. Average Loss: 0.8662
2025-10-02 13:56:46,392 - INFO - Epoch finished. Average Loss: 0.8609
2025-10-02 14:12:00,346 - INFO - Epoch finished. Average Loss: 0.8586
2025-10-02 14:27:19,196 - INFO - Epoch finished. Average Loss: 0.8588
2025-10-02 14:42:38,437 - INFO - Epoch finished. Average Loss: 0.8500
2025-10-02 14:57:55,074 - INFO - Epoch finished. Average Loss: 0.8394
2025-10-02 15:13:12,617 - INFO - Epoch finished. Average Loss: 0.8350
2025-10-02 15:28:31,043 - INFO - Epoch finished. Average Loss: 0.8286
2025-10-02 15:43:47,884 - INFO - Epoch finished. Average Loss: 0.8194
2025-10-02 15:59:03,848 - INFO - Epoch finished. Average Loss: 0.8131
2025-10-02 16:14:21,377 - INFO - Epoch finished. Average Loss: 0.8107
2025-10-02 16:29:39,240 - INFO - Epoch finished. Average Loss: 0.8117
2025-10-02 16:44:56,889 - INFO - Epoch finished. Average Loss: 0.8083
2025-10-02 17:00:15,953 - INFO - Epoch finished. Average Loss: 0.8236
2025-10-02 17:15:31,914 - INFO - Epoch finished. Average Loss: 0.8096
2025-10-02 17:30:49,189 - INFO - Epoch finished. Average Loss: 0.8023
2025-10-02 17:46:05,758 - INFO - Epoch finished. Average Loss: 0.7915
2025-10-02 18:01:21,002 - INFO - Epoch finished. Average Loss: 0.7900
2025-10-02 18:16:37,352 - INFO - Epoch finished. Average Loss: 0.7961
2025-10-02 18:31:52,721 - INFO - Epoch finished. Average Loss: 0.7900
2025-10-02 18:47:08,457 - INFO - Epoch finished. Average Loss: 0.7811
2025-10-02 19:02:27,120 - INFO - Epoch finished. Average Loss: 0.7861
2025-10-02 19:17:47,022 - INFO - Epoch finished. Average Loss: 0.7829
2025-10-02 19:33:05,120 - INFO - Epoch finished. Average Loss: 0.7769
2025-10-02 19:48:22,614 - INFO - Epoch finished. Average Loss: 0.7775
2025-10-02 20:03:39,856 - INFO - Epoch finished. Average Loss: 0.7793
2025-10-02 20:18:58,530 - INFO - Epoch finished. Average Loss: 0.7677
2025-10-02 20:34:18,364 - INFO - Epoch finished. Average Loss: 0.7681
2025-10-02 20:49:40,810 - INFO - Epoch finished. Average Loss: 0.7602
2025-10-02 21:04:59,376 - INFO - Epoch finished. Average Loss: 0.7656
2025-10-02 21:20:18,449 - INFO - Epoch finished. Average Loss: 0.7847
2025-10-02 21:35:34,416 - INFO - Epoch finished. Average Loss: 0.7715
2025-10-02 21:50:49,007 - INFO - Epoch finished. Average Loss: 0.7590
2025-10-02 22:06:06,820 - INFO - Epoch finished. Average Loss: 0.7562
2025-10-02 22:21:22,413 - INFO - Epoch finished. Average Loss: 0.7576
2025-10-02 22:36:37,766 - INFO - Epoch finished. Average Loss: 0.7543
2025-10-02 22:51:52,986 - INFO - Epoch finished. Average Loss: 0.7435
2025-10-02 23:07:08,787 - INFO - Epoch finished. Average Loss: 0.7390
2025-10-02 23:22:24,866 - INFO - Epoch finished. Average Loss: 0.7388
2025-10-02 23:37:40,423 - INFO - Epoch finished. Average Loss: 0.7377
2025-10-02 23:52:58,473 - INFO - Epoch finished. Average Loss: 0.7311
2025-10-03 00:08:15,722 - INFO - Epoch finished. Average Loss: 0.7339
2025-10-03 00:23:32,848 - INFO - Epoch finished. Average Loss: 0.7320
2025-10-03 00:38:48,562 - INFO - Epoch finished. Average Loss: 0.7355
2025-10-03 00:54:08,504 - INFO - Epoch finished. Average Loss: 0.7379
2025-10-03 01:09:25,235 - INFO - Epoch finished. Average Loss: 0.7493
2025-10-03 01:24:40,925 - INFO - Epoch finished. Average Loss: 0.7316
2025-10-03 01:39:57,006 - INFO - Epoch finished. Average Loss: 0.7258
2025-10-03 01:55:14,206 - INFO - Epoch finished. Average Loss: 0.7260
2025-10-03 02:10:29,878 - INFO - Epoch finished. Average Loss: 0.7183
2025-10-03 02:25:46,896 - INFO - Epoch finished. Average Loss: 0.7126
2025-10-03 02:41:02,301 - INFO - Epoch finished. Average Loss: 0.7156
2025-10-03 02:56:17,619 - INFO - Epoch finished. Average Loss: 0.7122
2025-10-03 03:11:32,764 - INFO - Epoch finished. Average Loss: 0.7140
2025-10-03 03:26:47,294 - INFO - Epoch finished. Average Loss: 0.7103
2025-10-03 03:42:03,644 - INFO - Epoch finished. Average Loss: 0.7041
2025-10-03 03:57:19,455 - INFO - Epoch finished. Average Loss: 0.7047
2025-10-03 04:12:38,474 - INFO - Epoch finished. Average Loss: 0.7037
2025-10-03 04:27:54,926 - INFO - Epoch finished. Average Loss: 0.6986
2025-10-03 04:43:10,227 - INFO - Epoch finished. Average Loss: 0.7000
2025-10-03 04:58:26,062 - INFO - Epoch finished. Average Loss: 0.7036
2025-10-03 05:13:41,760 - INFO - Epoch finished. Average Loss: 0.7005
2025-10-03 05:28:57,606 - INFO - Epoch finished. Average Loss: 0.6987
2025-10-03 05:44:13,284 - INFO - Epoch finished. Average Loss: 0.6987
2025-10-03 05:59:28,335 - INFO - Epoch finished. Average Loss: 0.6954
2025-10-03 06:14:43,883 - INFO - Epoch finished. Average Loss: 0.6969
2025-10-03 06:29:58,052 - INFO - Epoch finished. Average Loss: 0.6947
2025-10-03 06:45:13,079 - INFO - Epoch finished. Average Loss: 0.6988
2025-10-03 07:00:28,075 - INFO - Epoch finished. Average Loss: 0.7310
2025-10-03 07:15:44,677 - INFO - Epoch finished. Average Loss: 0.7222
2025-10-03 07:31:00,490 - INFO - Epoch finished. Average Loss: 0.7017
2025-10-03 07:46:19,217 - INFO - Epoch finished. Average Loss: 0.6935
2025-10-03 08:01:35,181 - INFO - Epoch finished. Average Loss: 0.6919
2025-10-03 08:16:51,880 - INFO - Epoch finished. Average Loss: 0.6842
2025-10-03 08:32:09,974 - INFO - Epoch finished. Average Loss: 0.6769
2025-10-03 08:47:27,575 - INFO - Epoch finished. Average Loss: 0.6752
2025-10-03 09:02:45,643 - INFO - Epoch finished. Average Loss: 0.6730
2025-10-03 09:18:04,430 - INFO - Epoch finished. Average Loss: 0.6695
2025-10-03 09:33:22,470 - INFO - Epoch finished. Average Loss: 0.6716
2025-10-03 09:48:40,099 - INFO - Epoch finished. Average Loss: 0.6694
2025-10-03 10:03:54,899 - INFO - Epoch finished. Average Loss: 0.6664
2025-10-03 10:19:11,844 - INFO - Epoch finished. Average Loss: 0.6657
2025-10-03 10:34:28,590 - INFO - Epoch finished. Average Loss: 0.6656
2025-10-03 10:49:43,859 - INFO - Epoch finished. Average Loss: 0.6684
2025-10-03 11:04:59,319 - INFO - Epoch finished. Average Loss: 0.6623
2025-10-03 11:20:15,363 - INFO - Epoch finished. Average Loss: 0.6707
2025-10-03 11:35:31,992 - INFO - Epoch finished. Average Loss: 0.6621
2025-10-03 11:50:47,735 - INFO - Epoch finished. Average Loss: 0.6661
2025-10-03 12:06:03,741 - INFO - Epoch finished. Average Loss: 0.6654
2025-10-03 12:21:18,535 - INFO - Epoch finished. Average Loss: 0.6661
2025-10-03 12:36:34,149 - INFO - Epoch finished. Average Loss: 0.6648
2025-10-03 12:51:49,957 - INFO - Epoch finished. Average Loss: 0.6641
2025-10-03 13:07:06,606 - INFO - Epoch finished. Average Loss: 0.6649
2025-10-03 13:22:21,742 - INFO - Epoch finished. Average Loss: 0.6610
2025-10-03 13:37:38,290 - INFO - Epoch finished. Average Loss: 0.6597
2025-10-03 13:52:55,471 - INFO - Epoch finished. Average Loss: 0.6604
2025-10-03 14:08:11,970 - INFO - Epoch finished. Average Loss: 0.6644
2025-10-03 14:23:28,160 - INFO - Epoch finished. Average Loss: 0.6630
2025-10-03 14:38:43,451 - INFO - Epoch finished. Average Loss: 0.6677
2025-10-03 14:53:58,357 - INFO - Epoch finished. Average Loss: 0.6664
2025-10-03 15:09:12,642 - INFO - Epoch finished. Average Loss: 0.6674
2025-10-03 15:24:28,937 - INFO - Epoch finished. Average Loss: 0.6674
2025-10-03 15:39:43,757 - INFO - Epoch finished. Average Loss: 0.6657
2025-10-03 15:54:59,820 - INFO - Epoch finished. Average Loss: 0.6646
2025-10-03 16:10:15,542 - INFO - Epoch finished. Average Loss: 0.6602
2025-10-03 16:25:31,910 - INFO - Epoch finished. Average Loss: 0.6629
2025-10-03 16:40:48,120 - INFO - Epoch finished. Average Loss: 0.6660
2025-10-03 16:56:03,138 - INFO - Epoch finished. Average Loss: 0.6584
2025-10-03 17:11:18,700 - INFO - Epoch finished. Average Loss: 0.6556
2025-10-03 17:26:34,243 - INFO - Epoch finished. Average Loss: 0.6557
2025-10-03 17:41:50,245 - INFO - Epoch finished. Average Loss: 0.6562
2025-10-03 17:57:06,031 - INFO - Epoch finished. Average Loss: 0.6605
2025-10-03 18:12:24,410 - INFO - Epoch finished. Average Loss: 0.6676
2025-10-03 18:27:41,985 - INFO - Epoch finished. Average Loss: 0.6597
2025-10-03 18:42:59,515 - INFO - Epoch finished. Average Loss: 0.6668
2025-10-03 18:58:17,179 - INFO - Epoch finished. Average Loss: 0.6656
2025-10-03 19:13:34,828 - INFO - Epoch finished. Average Loss: 0.6654
2025-10-03 19:28:52,001 - INFO - Epoch finished. Average Loss: 0.6630
2025-10-03 19:44:09,058 - INFO - Epoch finished. Average Loss: 0.6670
2025-10-03 19:59:27,066 - INFO - Epoch finished. Average Loss: 0.6584
2025-10-03 20:14:45,431 - INFO - Epoch finished. Average Loss: 0.6616
2025-10-03 20:30:02,144 - INFO - Epoch finished. Average Loss: 0.6563
2025-10-03 20:45:20,228 - INFO - Epoch finished. Average Loss: 0.6543
2025-10-03 21:00:37,904 - INFO - Epoch finished. Average Loss: 0.6500
2025-10-03 21:15:56,725 - INFO - Epoch finished. Average Loss: 0.6509
2025-10-03 21:31:14,036 - INFO - Epoch finished. Average Loss: 0.6545
2025-10-03 21:46:30,990 - INFO - Epoch finished. Average Loss: 0.6517
2025-10-03 22:01:47,824 - INFO - Epoch finished. Average Loss: 0.6564
2025-10-03 22:17:03,233 - INFO - Epoch finished. Average Loss: 0.6509
2025-10-03 22:32:19,484 - INFO - Epoch finished. Average Loss: 0.6500
2025-10-03 22:47:37,954 - INFO - Epoch finished. Average Loss: 0.6518
2025-10-03 23:02:53,858 - INFO - Epoch finished. Average Loss: 0.6486
2025-10-03 23:18:09,828 - INFO - Epoch finished. Average Loss: 0.6479
2025-10-03 23:33:26,270 - INFO - Epoch finished. Average Loss: 0.6460
2025-10-03 23:48:43,803 - INFO - Epoch finished. Average Loss: 0.6524
2025-10-04 00:03:59,856 - INFO - Epoch finished. Average Loss: 0.6504
2025-10-04 00:19:15,719 - INFO - Epoch finished. Average Loss: 0.6528
2025-10-04 00:34:32,836 - INFO - Epoch finished. Average Loss: 0.6521
2025-10-04 00:49:49,649 - INFO - Epoch finished. Average Loss: 0.6467
2025-10-04 01:05:05,834 - INFO - Epoch finished. Average Loss: 0.6496
2025-10-04 01:20:22,561 - INFO - Epoch finished. Average Loss: 0.6461
2025-10-04 01:35:38,454 - INFO - Epoch finished. Average Loss: 0.6489
2025-10-04 01:50:56,273 - INFO - Epoch finished. Average Loss: 0.6438
2025-10-04 02:06:12,946 - INFO - Epoch finished. Average Loss: 0.6452
2025-10-04 02:21:31,361 - INFO - Epoch finished. Average Loss: 0.6479
2025-10-04 02:36:49,617 - INFO - Epoch finished. Average Loss: 0.6431
2025-10-04 02:52:05,123 - INFO - Epoch finished. Average Loss: 0.6408
2025-10-04 03:07:23,981 - INFO - Epoch finished. Average Loss: 0.6379
2025-10-04 03:22:41,144 - INFO - Epoch finished. Average Loss: 0.6443
2025-10-04 03:37:57,855 - INFO - Epoch finished. Average Loss: 0.6373
2025-10-04 03:53:14,713 - INFO - Epoch finished. Average Loss: 0.6408
2025-10-04 04:08:32,005 - INFO - Epoch finished. Average Loss: 0.6364
2025-10-04 04:23:50,001 - INFO - Epoch finished. Average Loss: 0.6367
2025-10-04 04:39:06,403 - INFO - Epoch finished. Average Loss: 0.6408
2025-10-04 04:54:23,849 - INFO - Epoch finished. Average Loss: 0.6382
2025-10-04 05:09:41,269 - INFO - Epoch finished. Average Loss: 0.6449
2025-10-04 05:24:58,477 - INFO - Epoch finished. Average Loss: 0.6344
2025-10-04 05:40:16,384 - INFO - Epoch finished. Average Loss: 0.6380
2025-10-04 05:55:33,065 - INFO - Epoch finished. Average Loss: 0.6403
2025-10-04 06:10:51,380 - INFO - Epoch finished. Average Loss: 0.6371
2025-10-04 06:26:07,721 - INFO - Epoch finished. Average Loss: 0.6328
2025-10-04 06:41:26,111 - INFO - Epoch finished. Average Loss: 0.6368
2025-10-04 06:56:43,450 - INFO - Epoch finished. Average Loss: 0.6388
2025-10-04 07:12:00,058 - INFO - Epoch finished. Average Loss: 0.6368
2025-10-04 07:27:18,587 - INFO - Epoch finished. Average Loss: 0.6383
2025-10-04 07:42:37,134 - INFO - Epoch finished. Average Loss: 0.6344
2025-10-04 07:57:55,147 - INFO - Epoch finished. Average Loss: 0.6308
2025-10-04 08:13:13,754 - INFO - Epoch finished. Average Loss: 0.6306
2025-10-04 08:28:28,727 - INFO - Epoch finished. Average Loss: 0.6365
2025-10-04 08:43:47,022 - INFO - Epoch finished. Average Loss: 0.6320
2025-10-04 08:59:05,374 - INFO - Epoch finished. Average Loss: 0.6375
2025-10-04 09:14:24,279 - INFO - Epoch finished. Average Loss: 0.6354
2025-10-04 09:29:41,573 - INFO - Epoch finished. Average Loss: 0.6317
2025-10-04 09:44:59,449 - INFO - Epoch finished. Average Loss: 0.6358
2025-10-04 10:00:17,542 - INFO - Epoch finished. Average Loss: 0.6310
2025-10-04 10:15:37,221 - INFO - Epoch finished. Average Loss: 0.6294
2025-10-04 10:30:54,741 - INFO - Epoch finished. Average Loss: 0.6316
2025-10-04 10:46:14,216 - INFO - Epoch finished. Average Loss: 0.6330
2025-10-04 11:01:31,005 - INFO - Epoch finished. Average Loss: 0.6337
2025-10-04 11:16:48,837 - INFO - Epoch finished. Average Loss: 0.6311
2025-10-04 11:32:05,510 - INFO - Epoch finished. Average Loss: 0.6309
2025-10-04 11:47:24,261 - INFO - Epoch finished. Average Loss: 0.6301
2025-10-04 12:02:40,295 - INFO - Epoch finished. Average Loss: 0.6345
2025-10-04 12:17:58,270 - INFO - Epoch finished. Average Loss: 0.6319
2025-10-04 12:33:17,545 - INFO - Epoch finished. Average Loss: 0.6340
2025-10-04 12:48:35,010 - INFO - Epoch finished. Average Loss: 0.6310
2025-10-04 13:03:56,167 - INFO - Epoch finished. Average Loss: 0.6262
2025-10-04 13:19:16,180 - INFO - Epoch finished. Average Loss: 0.6317
2025-10-04 13:34:35,136 - INFO - Epoch finished. Average Loss: 0.6303
2025-10-04 13:49:53,899 - INFO - Epoch finished. Average Loss: 0.6323
2025-10-04 14:05:12,484 - INFO - Epoch finished. Average Loss: 0.6301
2025-10-04 14:20:30,651 - INFO - Epoch finished. Average Loss: 0.6361
2025-10-04 14:35:49,543 - INFO - Epoch finished. Average Loss: 0.6282
2025-10-04 14:51:08,103 - INFO - Epoch finished. Average Loss: 0.6323
2025-10-04 15:06:28,422 - INFO - Epoch finished. Average Loss: 0.6369
2025-10-04 15:21:47,086 - INFO - Epoch finished. Average Loss: 0.6275
2025-10-04 15:37:04,154 - INFO - Epoch finished. Average Loss: 0.6328
2025-10-04 15:52:21,206 - INFO - Epoch finished. Average Loss: 0.6278
2025-10-04 16:07:46,032 - INFO - Epoch finished. Average Loss: 0.6287
2025-10-04 16:23:06,421 - INFO - Epoch finished. Average Loss: 0.6302
2025-10-04 16:38:25,339 - INFO - Epoch finished. Average Loss: 0.6280
2025-10-04 16:53:42,992 - INFO - Epoch finished. Average Loss: 0.6249
2025-10-04 17:09:00,462 - INFO - Epoch finished. Average Loss: 0.6273
2025-10-04 17:24:19,140 - INFO - Epoch finished. Average Loss: 0.6262
2025-10-04 17:39:39,530 - INFO - Epoch finished. Average Loss: 0.6290
2025-10-04 17:54:58,311 - INFO - Epoch finished. Average Loss: 0.6332
2025-10-04 18:10:17,408 - INFO - Epoch finished. Average Loss: 0.6281
2025-10-04 18:25:37,295 - INFO - Epoch finished. Average Loss: 0.6304
2025-10-04 18:40:55,278 - INFO - Epoch finished. Average Loss: 0.6288
2025-10-04 18:56:11,207 - INFO - Epoch finished. Average Loss: 0.6300
2025-10-04 19:11:28,004 - INFO - Epoch finished. Average Loss: 0.6316
2025-10-04 19:26:49,081 - INFO - Epoch finished. Average Loss: 0.6271
2025-10-04 19:42:07,920 - INFO - Epoch finished. Average Loss: 0.6284
2025-10-04 19:57:27,211 - INFO - Epoch finished. Average Loss: 0.6290
2025-10-04 20:12:45,507 - INFO - Epoch finished. Average Loss: 0.6290
2025-10-04 20:28:04,113 - INFO - Epoch finished. Average Loss: 0.6296
2025-10-04 20:43:21,321 - INFO - Epoch finished. Average Loss: 0.6242
2025-10-04 20:58:39,341 - INFO - Epoch finished. Average Loss: 0.6253
2025-10-04 21:13:57,454 - INFO - Epoch finished. Average Loss: 0.6252
2025-10-04 21:29:14,925 - INFO - Epoch finished. Average Loss: 0.6220
2025-10-04 21:44:34,032 - INFO - Epoch finished. Average Loss: 0.6282
2025-10-04 21:59:52,254 - INFO - Epoch finished. Average Loss: 0.6269
2025-10-04 22:15:10,765 - INFO - Epoch finished. Average Loss: 0.6265
2025-10-04 22:30:27,971 - INFO - Epoch finished. Average Loss: 0.6237
2025-10-04 22:45:46,539 - INFO - Epoch finished. Average Loss: 0.6305
2025-10-04 23:01:07,541 - INFO - Epoch finished. Average Loss: 0.6255
2025-10-04 23:16:27,451 - INFO - Epoch finished. Average Loss: 0.6262
2025-10-04 23:31:47,587 - INFO - Epoch finished. Average Loss: 0.6265
2025-10-04 23:47:07,304 - INFO - Epoch finished. Average Loss: 0.6277
2025-10-05 00:02:27,379 - INFO - Epoch finished. Average Loss: 0.6254
2025-10-05 00:17:44,836 - INFO - Epoch finished. Average Loss: 0.6233
2025-10-05 00:33:05,122 - INFO - Epoch finished. Average Loss: 0.6233
2025-10-05 00:48:25,248 - INFO - Epoch finished. Average Loss: 0.6244
2025-10-05 01:03:46,946 - INFO - Epoch finished. Average Loss: 0.6220
2025-10-05 01:19:06,308 - INFO - Epoch finished. Average Loss: 0.6282
2025-10-05 01:34:24,104 - INFO - Epoch finished. Average Loss: 0.6247
2025-10-05 01:49:42,352 - INFO - Epoch finished. Average Loss: 0.6297
2025-10-05 02:05:00,381 - INFO - Epoch finished. Average Loss: 0.6311
2025-10-05 02:20:19,792 - INFO - Epoch finished. Average Loss: 0.6285
2025-10-05 02:35:38,161 - INFO - Epoch finished. Average Loss: 0.6240
2025-10-05 02:50:57,703 - INFO - Epoch finished. Average Loss: 0.6279
2025-10-05 03:06:17,275 - INFO - Epoch finished. Average Loss: 0.6256
2025-10-05 03:21:35,851 - INFO - Epoch finished. Average Loss: 0.6253
2025-10-05 03:36:56,541 - INFO - Epoch finished. Average Loss: 0.6263
2025-10-05 03:52:16,278 - INFO - Epoch finished. Average Loss: 0.6296
2025-10-05 04:07:39,264 - INFO - Epoch finished. Average Loss: 0.6308
2025-10-05 04:22:59,632 - INFO - Epoch finished. Average Loss: 0.6265
2025-10-05 04:38:19,737 - INFO - Epoch finished. Average Loss: 0.6257
2025-10-05 04:53:41,078 - INFO - Epoch finished. Average Loss: 0.6266
2025-10-05 05:09:00,676 - INFO - Epoch finished. Average Loss: 0.6288
2025-10-05 05:24:19,578 - INFO - Epoch finished. Average Loss: 0.6244
2025-10-05 05:39:38,800 - INFO - Epoch finished. Average Loss: 0.6257
2025-10-05 05:54:58,182 - INFO - Epoch finished. Average Loss: 0.6336
2025-10-05 06:10:18,046 - INFO - Epoch finished. Average Loss: 0.6327
2025-10-05 06:25:37,593 - INFO - Epoch finished. Average Loss: 0.6277
2025-10-05 06:40:56,334 - INFO - Epoch finished. Average Loss: 0.6267
2025-10-05 06:56:16,427 - INFO - Epoch finished. Average Loss: 0.6293
2025-10-05 07:11:36,277 - INFO - Epoch finished. Average Loss: 0.6281
2025-10-05 07:26:54,613 - INFO - Epoch finished. Average Loss: 0.6266
2025-10-05 07:42:13,062 - INFO - Epoch finished. Average Loss: 0.6292
2025-10-05 07:57:31,988 - INFO - Epoch finished. Average Loss: 0.6237
2025-10-05 07:57:31,992 - INFO - Early Stopping implemeneted for DINO at 432 epoch.
2025-10-05 07:57:31,994 - INFO - ============================================================
2025-10-05 07:57:31,994 - INFO - Training for DINO completed.
2025-10-05 07:57:31,994 - INFO - ============================================================
2025-10-05 07:57:31,994 - INFO - Pre-training finished.
2025-10-05 07:57:44,894 - INFO - Final model saved to /media/mlr-lab/325C37DE7879ABF2/SSL_Tanishk/checkpoints/dino_(30-09-2025)
2025-10-05 07:57:44,896 - INFO - --- Starting Evaluations on Frozen Encoder ---
2025-10-09 16:10:21,701 - INFO - [RESULT] k-NN Accuracy: 56.16%
2025-10-09 18:50:05,796 - INFO - [RESULT] Linear Probe Accuracy: 64.06%
2025-10-09 18:50:05,797 - INFO - --- Generating Visualizations ---
2025-10-10 00:44:52,147 - INFO - SSL Implementation for dino completed.
