2025-09-19 17:36:01,730 - INFO - Using device: cuda:0
2025-09-19 17:36:01,731 - INFO - Running experiment with config: {'model_name': 'simclr', 'epochs': 1000, 'batch_size': 128}
2025-09-19 17:36:02,414 - INFO - Loaded 130000 labeled training images and 5000 validation images.
2025-09-19 17:36:04,407 - INFO - Initialized simclr model.
2025-09-19 17:36:04,531 - INFO - Pre-training will run for 752000 total steps.
2025-09-19 17:36:04,532 - INFO - Starting pre-training for simclr...
2025-09-19 17:36:04,533 - INFO - ============================================================
2025-09-19 17:36:04,533 - INFO - Training for simclr started for 1000 epochs.
2025-09-19 17:36:04,533 - INFO - ============================================================
2025-09-19 17:49:32,417 - INFO - Epoch finished. Average Loss: 2.3189
2025-09-19 18:02:27,246 - INFO - Epoch finished. Average Loss: 0.9873
2025-09-19 18:15:36,209 - INFO - Epoch finished. Average Loss: 0.7533
2025-09-19 18:28:38,206 - INFO - Epoch finished. Average Loss: 0.6287
2025-09-19 18:41:36,434 - INFO - Epoch finished. Average Loss: 0.5564
2025-09-19 18:54:34,929 - INFO - Epoch finished. Average Loss: 0.5032
2025-09-19 19:07:35,572 - INFO - Epoch finished. Average Loss: 0.4583
2025-09-19 19:20:33,606 - INFO - Epoch finished. Average Loss: 0.4252
2025-09-19 19:33:34,320 - INFO - Epoch finished. Average Loss: 0.3995
2025-09-19 19:46:31,592 - INFO - Epoch finished. Average Loss: 0.3750
2025-09-19 19:59:28,793 - INFO - Epoch finished. Average Loss: 0.3521
2025-09-19 20:12:27,478 - INFO - Epoch finished. Average Loss: 0.3347
2025-09-19 20:25:25,732 - INFO - Epoch finished. Average Loss: 0.3184
2025-09-19 20:38:25,543 - INFO - Epoch finished. Average Loss: 0.3022
2025-09-19 20:51:23,315 - INFO - Epoch finished. Average Loss: 0.2934
2025-09-19 21:04:27,100 - INFO - Epoch finished. Average Loss: 0.2778
2025-09-19 21:17:29,539 - INFO - Epoch finished. Average Loss: 0.2666
2025-09-19 21:30:33,539 - INFO - Epoch finished. Average Loss: 0.2563
2025-09-19 21:43:35,684 - INFO - Epoch finished. Average Loss: 0.2474
2025-09-19 21:56:41,263 - INFO - Epoch finished. Average Loss: 0.2399
2025-09-19 22:09:41,387 - INFO - Epoch finished. Average Loss: 0.2331
2025-09-19 22:22:44,890 - INFO - Epoch finished. Average Loss: 0.2248
2025-09-19 22:35:46,118 - INFO - Epoch finished. Average Loss: 0.2158
2025-09-19 22:48:47,019 - INFO - Epoch finished. Average Loss: 0.2074
2025-09-19 23:02:04,366 - INFO - Epoch finished. Average Loss: 0.2003
2025-09-19 23:15:20,739 - INFO - Epoch finished. Average Loss: 0.1904
2025-09-19 23:28:35,433 - INFO - Epoch finished. Average Loss: 0.1875
2025-09-19 23:41:47,258 - INFO - Epoch finished. Average Loss: 0.1823
2025-09-19 23:54:57,121 - INFO - Epoch finished. Average Loss: 0.1749
2025-09-20 00:08:08,846 - INFO - Epoch finished. Average Loss: 0.1702
2025-09-20 00:21:09,325 - INFO - Epoch finished. Average Loss: 0.1658
2025-09-20 00:34:08,884 - INFO - Epoch finished. Average Loss: 0.1623
2025-09-20 00:47:04,470 - INFO - Epoch finished. Average Loss: 0.1593
2025-09-20 01:00:04,437 - INFO - Epoch finished. Average Loss: 0.1536
2025-09-20 01:13:04,290 - INFO - Epoch finished. Average Loss: 0.1519
2025-09-20 01:26:07,777 - INFO - Epoch finished. Average Loss: 0.1465
2025-09-20 01:39:07,843 - INFO - Epoch finished. Average Loss: 0.1464
2025-09-20 01:52:08,690 - INFO - Epoch finished. Average Loss: 0.1435
2025-09-20 02:05:08,970 - INFO - Epoch finished. Average Loss: 0.1400
2025-09-20 02:18:15,717 - INFO - Epoch finished. Average Loss: 0.1387
2025-09-20 02:31:14,029 - INFO - Epoch finished. Average Loss: 0.1354
2025-09-20 02:44:14,174 - INFO - Epoch finished. Average Loss: 0.1322
2025-09-20 02:57:14,099 - INFO - Epoch finished. Average Loss: 0.1310
2025-09-20 03:10:11,679 - INFO - Epoch finished. Average Loss: 0.1285
2025-09-20 03:23:16,046 - INFO - Epoch finished. Average Loss: 0.1259
2025-09-20 03:36:18,578 - INFO - Epoch finished. Average Loss: 0.1241
2025-09-20 03:49:29,820 - INFO - Epoch finished. Average Loss: 0.1214
2025-09-20 04:02:36,270 - INFO - Epoch finished. Average Loss: 0.1194
2025-09-20 04:15:45,998 - INFO - Epoch finished. Average Loss: 0.1184
2025-09-20 04:28:58,895 - INFO - Epoch finished. Average Loss: 0.1163
2025-09-20 04:42:02,342 - INFO - Epoch finished. Average Loss: 0.1163
2025-09-20 04:55:06,184 - INFO - Epoch finished. Average Loss: 0.1153
2025-09-20 05:08:10,382 - INFO - Epoch finished. Average Loss: 0.1138
2025-09-20 05:21:08,416 - INFO - Epoch finished. Average Loss: 0.1124
2025-09-20 05:34:11,983 - INFO - Epoch finished. Average Loss: 0.1097
2025-09-20 05:47:16,218 - INFO - Epoch finished. Average Loss: 0.1091
2025-09-20 06:00:17,134 - INFO - Epoch finished. Average Loss: 0.1070
2025-09-20 06:13:18,762 - INFO - Epoch finished. Average Loss: 0.1060
2025-09-20 06:26:20,884 - INFO - Epoch finished. Average Loss: 0.1050
2025-09-20 06:39:24,545 - INFO - Epoch finished. Average Loss: 0.1037
2025-09-20 06:52:26,751 - INFO - Epoch finished. Average Loss: 0.1012
2025-09-20 07:05:30,571 - INFO - Epoch finished. Average Loss: 0.1002
2025-09-20 07:18:30,557 - INFO - Epoch finished. Average Loss: 0.0998
2025-09-20 07:31:29,806 - INFO - Epoch finished. Average Loss: 0.0983
2025-09-20 07:44:30,956 - INFO - Epoch finished. Average Loss: 0.0982
2025-09-20 07:57:31,406 - INFO - Epoch finished. Average Loss: 0.0961
2025-09-20 08:10:32,525 - INFO - Epoch finished. Average Loss: 0.0960
2025-09-20 08:23:36,359 - INFO - Epoch finished. Average Loss: 0.0938
2025-09-20 08:36:42,581 - INFO - Epoch finished. Average Loss: 0.0935
2025-09-20 08:49:46,876 - INFO - Epoch finished. Average Loss: 0.0926
2025-09-20 09:02:51,858 - INFO - Epoch finished. Average Loss: 0.0928
2025-09-20 09:15:55,187 - INFO - Epoch finished. Average Loss: 0.0914
2025-09-20 09:28:57,714 - INFO - Epoch finished. Average Loss: 0.0897
2025-09-20 09:41:56,772 - INFO - Epoch finished. Average Loss: 0.0896
2025-09-20 09:54:57,698 - INFO - Epoch finished. Average Loss: 0.0878
2025-09-20 10:07:59,483 - INFO - Epoch finished. Average Loss: 0.0877
2025-09-20 10:21:01,051 - INFO - Epoch finished. Average Loss: 0.0867
2025-09-20 10:34:00,532 - INFO - Epoch finished. Average Loss: 0.0858
2025-09-20 10:47:02,598 - INFO - Epoch finished. Average Loss: 0.0855
2025-09-20 11:00:05,605 - INFO - Epoch finished. Average Loss: 0.0850
2025-09-20 11:13:07,695 - INFO - Epoch finished. Average Loss: 0.0844
2025-09-20 11:26:07,716 - INFO - Epoch finished. Average Loss: 0.0832
2025-09-20 11:39:10,904 - INFO - Epoch finished. Average Loss: 0.0818
2025-09-20 11:52:10,463 - INFO - Epoch finished. Average Loss: 0.0806
2025-09-20 12:05:14,266 - INFO - Epoch finished. Average Loss: 0.0824
2025-09-20 12:18:16,531 - INFO - Epoch finished. Average Loss: 0.0797
2025-09-20 12:31:18,482 - INFO - Epoch finished. Average Loss: 0.0805
2025-09-20 12:44:21,526 - INFO - Epoch finished. Average Loss: 0.0795
2025-09-20 12:57:26,046 - INFO - Epoch finished. Average Loss: 0.0787
2025-09-20 13:10:29,644 - INFO - Epoch finished. Average Loss: 0.0787
2025-09-20 13:23:28,972 - INFO - Epoch finished. Average Loss: 0.0772
2025-09-20 13:36:30,626 - INFO - Epoch finished. Average Loss: 0.0773
2025-09-20 13:49:38,428 - INFO - Epoch finished. Average Loss: 0.0756
2025-09-20 14:02:43,381 - INFO - Epoch finished. Average Loss: 0.0764
2025-09-20 14:15:43,798 - INFO - Epoch finished. Average Loss: 0.0764
2025-09-20 14:28:45,426 - INFO - Epoch finished. Average Loss: 0.0751
2025-09-20 14:41:57,500 - INFO - Epoch finished. Average Loss: 0.0748
2025-09-20 14:55:05,648 - INFO - Epoch finished. Average Loss: 0.0740
2025-09-20 15:08:08,336 - INFO - Epoch finished. Average Loss: 0.0744
2025-09-20 15:21:13,868 - INFO - Epoch finished. Average Loss: 0.0734
2025-09-20 15:34:17,061 - INFO - Epoch finished. Average Loss: 0.0731
2025-09-20 15:47:21,380 - INFO - Epoch finished. Average Loss: 0.0727
2025-09-20 16:00:24,723 - INFO - Epoch finished. Average Loss: 0.0721
2025-09-20 16:13:30,184 - INFO - Epoch finished. Average Loss: 0.0711
2025-09-20 16:26:38,145 - INFO - Epoch finished. Average Loss: 0.0699
2025-09-20 16:39:42,691 - INFO - Epoch finished. Average Loss: 0.0703
2025-09-20 16:52:37,101 - INFO - Epoch finished. Average Loss: 0.0710
2025-09-20 17:05:36,163 - INFO - Epoch finished. Average Loss: 0.0692
2025-09-20 17:18:39,137 - INFO - Epoch finished. Average Loss: 0.0701
2025-09-20 17:31:41,481 - INFO - Epoch finished. Average Loss: 0.0693
2025-09-20 17:44:42,352 - INFO - Epoch finished. Average Loss: 0.0685
2025-09-20 17:57:50,274 - INFO - Epoch finished. Average Loss: 0.0674
2025-09-20 18:10:59,254 - INFO - Epoch finished. Average Loss: 0.0684
2025-09-20 18:24:01,477 - INFO - Epoch finished. Average Loss: 0.0683
2025-09-20 18:37:00,239 - INFO - Epoch finished. Average Loss: 0.0680
2025-09-20 18:49:56,115 - INFO - Epoch finished. Average Loss: 0.0665
2025-09-20 19:02:53,171 - INFO - Epoch finished. Average Loss: 0.0672
2025-09-20 19:15:48,830 - INFO - Epoch finished. Average Loss: 0.0670
2025-09-20 19:28:45,022 - INFO - Epoch finished. Average Loss: 0.0660
2025-09-20 19:41:46,538 - INFO - Epoch finished. Average Loss: 0.0649
2025-09-20 19:54:44,609 - INFO - Epoch finished. Average Loss: 0.0655
2025-09-20 20:07:42,119 - INFO - Epoch finished. Average Loss: 0.0647
2025-09-20 20:20:40,301 - INFO - Epoch finished. Average Loss: 0.0647
2025-09-20 20:33:39,151 - INFO - Epoch finished. Average Loss: 0.0637
2025-09-20 20:46:32,232 - INFO - Epoch finished. Average Loss: 0.0644
2025-09-20 20:59:34,033 - INFO - Epoch finished. Average Loss: 0.0639
2025-09-20 21:12:29,794 - INFO - Epoch finished. Average Loss: 0.0628
2025-09-20 21:25:29,028 - INFO - Epoch finished. Average Loss: 0.0637
2025-09-20 21:38:28,499 - INFO - Epoch finished. Average Loss: 0.0628
2025-09-20 21:51:28,179 - INFO - Epoch finished. Average Loss: 0.0630
2025-09-20 22:04:42,524 - INFO - Epoch finished. Average Loss: 0.0618
2025-09-20 22:17:57,044 - INFO - Epoch finished. Average Loss: 0.0611
2025-09-20 22:31:03,235 - INFO - Epoch finished. Average Loss: 0.0614
2025-09-20 22:44:00,614 - INFO - Epoch finished. Average Loss: 0.0607
2025-09-20 22:56:55,556 - INFO - Epoch finished. Average Loss: 0.0613
2025-09-20 23:09:55,255 - INFO - Epoch finished. Average Loss: 0.0603
2025-09-20 23:22:48,228 - INFO - Epoch finished. Average Loss: 0.0602
2025-09-20 23:35:47,262 - INFO - Epoch finished. Average Loss: 0.0600
2025-09-20 23:48:48,866 - INFO - Epoch finished. Average Loss: 0.0599
2025-09-21 00:01:41,243 - INFO - Epoch finished. Average Loss: 0.0596
2025-09-21 00:14:42,699 - INFO - Epoch finished. Average Loss: 0.0594
2025-09-21 00:27:51,764 - INFO - Epoch finished. Average Loss: 0.0592
2025-09-21 00:41:24,667 - INFO - Epoch finished. Average Loss: 0.0588
2025-09-21 00:54:15,154 - INFO - Epoch finished. Average Loss: 0.0590
2025-09-21 01:06:28,423 - INFO - Epoch finished. Average Loss: 0.0583
2025-09-21 01:18:45,776 - INFO - Epoch finished. Average Loss: 0.0583
2025-09-21 01:31:03,801 - INFO - Epoch finished. Average Loss: 0.0578
2025-09-21 01:43:15,810 - INFO - Epoch finished. Average Loss: 0.0572
2025-09-21 01:55:28,065 - INFO - Epoch finished. Average Loss: 0.0578
2025-09-21 02:07:40,331 - INFO - Epoch finished. Average Loss: 0.0575
2025-09-21 02:19:59,757 - INFO - Epoch finished. Average Loss: 0.0572
2025-09-21 02:32:11,877 - INFO - Epoch finished. Average Loss: 0.0581
2025-09-21 02:44:37,047 - INFO - Epoch finished. Average Loss: 0.0568
2025-09-21 02:56:54,974 - INFO - Epoch finished. Average Loss: 0.0566
2025-09-21 03:09:13,949 - INFO - Epoch finished. Average Loss: 0.0562
2025-09-21 03:21:35,374 - INFO - Epoch finished. Average Loss: 0.0547
2025-09-21 03:33:56,916 - INFO - Epoch finished. Average Loss: 0.0560
2025-09-21 03:46:27,261 - INFO - Epoch finished. Average Loss: 0.0563
2025-09-21 03:58:59,598 - INFO - Epoch finished. Average Loss: 0.0553
2025-09-21 04:11:33,971 - INFO - Epoch finished. Average Loss: 0.0547
2025-09-21 04:24:07,946 - INFO - Epoch finished. Average Loss: 0.0545
2025-09-21 04:36:36,276 - INFO - Epoch finished. Average Loss: 0.0540
2025-09-21 04:49:09,197 - INFO - Epoch finished. Average Loss: 0.0546
2025-09-21 05:01:39,166 - INFO - Epoch finished. Average Loss: 0.0538
2025-09-21 05:14:14,684 - INFO - Epoch finished. Average Loss: 0.0544
2025-09-21 05:26:46,185 - INFO - Epoch finished. Average Loss: 0.0537
2025-09-21 05:39:17,129 - INFO - Epoch finished. Average Loss: 0.0531
2025-09-21 05:51:48,738 - INFO - Epoch finished. Average Loss: 0.0534
2025-09-21 06:04:18,900 - INFO - Epoch finished. Average Loss: 0.0538
2025-09-21 06:16:49,930 - INFO - Epoch finished. Average Loss: 0.0527
2025-09-21 06:29:22,718 - INFO - Epoch finished. Average Loss: 0.0531
2025-09-21 06:42:02,700 - INFO - Epoch finished. Average Loss: 0.0527
2025-09-21 06:54:38,942 - INFO - Epoch finished. Average Loss: 0.0531
2025-09-21 07:07:13,089 - INFO - Epoch finished. Average Loss: 0.0521
2025-09-21 07:19:50,077 - INFO - Epoch finished. Average Loss: 0.0531
2025-09-21 07:32:30,774 - INFO - Epoch finished. Average Loss: 0.0523
2025-09-21 07:45:11,743 - INFO - Epoch finished. Average Loss: 0.0524
2025-09-21 07:57:50,218 - INFO - Epoch finished. Average Loss: 0.0523
2025-09-21 08:10:29,576 - INFO - Epoch finished. Average Loss: 0.0517
2025-09-21 08:23:05,613 - INFO - Epoch finished. Average Loss: 0.0505
2025-09-21 08:35:44,063 - INFO - Epoch finished. Average Loss: 0.0517
2025-09-21 08:48:25,811 - INFO - Epoch finished. Average Loss: 0.0513
2025-09-21 09:01:01,922 - INFO - Epoch finished. Average Loss: 0.0510
2025-09-21 09:13:39,676 - INFO - Epoch finished. Average Loss: 0.0508
2025-09-21 09:26:19,450 - INFO - Epoch finished. Average Loss: 0.0516
2025-09-21 09:38:58,322 - INFO - Epoch finished. Average Loss: 0.0510
2025-09-21 09:51:38,379 - INFO - Epoch finished. Average Loss: 0.0506
2025-09-21 10:04:15,061 - INFO - Epoch finished. Average Loss: 0.0505
2025-09-21 10:16:53,444 - INFO - Epoch finished. Average Loss: 0.0492
2025-09-21 10:29:33,086 - INFO - Epoch finished. Average Loss: 0.0497
2025-09-21 10:42:11,067 - INFO - Epoch finished. Average Loss: 0.0506
2025-09-21 10:54:44,612 - INFO - Epoch finished. Average Loss: 0.0499
2025-09-21 11:07:24,143 - INFO - Epoch finished. Average Loss: 0.0496
2025-09-21 11:20:06,169 - INFO - Epoch finished. Average Loss: 0.0494
2025-09-21 11:32:47,619 - INFO - Epoch finished. Average Loss: 0.0495
2025-09-21 11:45:29,456 - INFO - Epoch finished. Average Loss: 0.0491
2025-09-21 11:58:10,154 - INFO - Epoch finished. Average Loss: 0.0487
2025-09-21 12:10:53,235 - INFO - Epoch finished. Average Loss: 0.0493
2025-09-21 12:23:35,467 - INFO - Epoch finished. Average Loss: 0.0486
2025-09-21 12:36:09,171 - INFO - Epoch finished. Average Loss: 0.0487
2025-09-21 12:48:44,772 - INFO - Epoch finished. Average Loss: 0.0482
2025-09-21 13:01:23,734 - INFO - Epoch finished. Average Loss: 0.0483
2025-09-21 13:14:02,850 - INFO - Epoch finished. Average Loss: 0.0483
2025-09-21 13:26:55,691 - INFO - Epoch finished. Average Loss: 0.0482
2025-09-21 13:39:36,219 - INFO - Epoch finished. Average Loss: 0.0484
2025-09-21 13:52:12,974 - INFO - Epoch finished. Average Loss: 0.0473
2025-09-21 14:04:52,149 - INFO - Epoch finished. Average Loss: 0.0473
2025-09-21 14:17:31,751 - INFO - Epoch finished. Average Loss: 0.0473
2025-09-21 14:30:10,002 - INFO - Epoch finished. Average Loss: 0.0471
2025-09-21 14:42:53,147 - INFO - Epoch finished. Average Loss: 0.0469
2025-09-21 14:55:30,312 - INFO - Epoch finished. Average Loss: 0.0474
2025-09-21 15:08:12,018 - INFO - Epoch finished. Average Loss: 0.0471
2025-09-21 15:20:54,014 - INFO - Epoch finished. Average Loss: 0.0474
2025-09-21 15:33:35,975 - INFO - Epoch finished. Average Loss: 0.0466
2025-09-21 15:46:13,777 - INFO - Epoch finished. Average Loss: 0.0471
2025-09-21 15:58:52,595 - INFO - Epoch finished. Average Loss: 0.0462
2025-09-21 16:11:34,792 - INFO - Epoch finished. Average Loss: 0.0465
2025-09-21 16:24:16,304 - INFO - Epoch finished. Average Loss: 0.0460
2025-09-21 16:36:54,140 - INFO - Epoch finished. Average Loss: 0.0467
2025-09-21 16:49:38,496 - INFO - Epoch finished. Average Loss: 0.0458
2025-09-21 17:02:14,276 - INFO - Epoch finished. Average Loss: 0.0456
2025-09-21 17:14:50,074 - INFO - Epoch finished. Average Loss: 0.0459
2025-09-21 17:27:33,554 - INFO - Epoch finished. Average Loss: 0.0453
2025-09-21 17:40:11,895 - INFO - Epoch finished. Average Loss: 0.0456
2025-09-21 17:52:54,107 - INFO - Epoch finished. Average Loss: 0.0460
2025-09-21 18:05:35,493 - INFO - Epoch finished. Average Loss: 0.0449
2025-09-21 18:18:18,146 - INFO - Epoch finished. Average Loss: 0.0457
2025-09-21 18:30:57,383 - INFO - Epoch finished. Average Loss: 0.0453
2025-09-21 18:43:33,326 - INFO - Epoch finished. Average Loss: 0.0448
2025-09-21 18:56:17,429 - INFO - Epoch finished. Average Loss: 0.0450
2025-09-21 19:08:57,184 - INFO - Epoch finished. Average Loss: 0.0450
2025-09-21 19:21:37,213 - INFO - Epoch finished. Average Loss: 0.0442
2025-09-21 19:34:11,330 - INFO - Epoch finished. Average Loss: 0.0443
2025-09-21 19:46:47,881 - INFO - Epoch finished. Average Loss: 0.0445
2025-09-21 19:59:27,391 - INFO - Epoch finished. Average Loss: 0.0446
2025-09-21 20:12:07,865 - INFO - Epoch finished. Average Loss: 0.0445
2025-09-21 20:24:49,577 - INFO - Epoch finished. Average Loss: 0.0439
2025-09-21 20:37:33,901 - INFO - Epoch finished. Average Loss: 0.0443
2025-09-21 20:50:14,001 - INFO - Epoch finished. Average Loss: 0.0436
2025-09-21 21:03:00,574 - INFO - Epoch finished. Average Loss: 0.0433
2025-09-21 21:15:43,740 - INFO - Epoch finished. Average Loss: 0.0433
2025-09-21 21:28:32,051 - INFO - Epoch finished. Average Loss: 0.0437
2025-09-21 21:41:08,389 - INFO - Epoch finished. Average Loss: 0.0437
2025-09-21 21:53:46,780 - INFO - Epoch finished. Average Loss: 0.0437
2025-09-21 22:06:26,628 - INFO - Epoch finished. Average Loss: 0.0431
2025-09-21 22:19:06,308 - INFO - Epoch finished. Average Loss: 0.0434
2025-09-21 22:31:46,804 - INFO - Epoch finished. Average Loss: 0.0433
2025-09-21 22:44:26,967 - INFO - Epoch finished. Average Loss: 0.0431
2025-09-21 22:57:08,113 - INFO - Epoch finished. Average Loss: 0.0431
2025-09-21 23:09:52,460 - INFO - Epoch finished. Average Loss: 0.0424
2025-09-21 23:22:34,225 - INFO - Epoch finished. Average Loss: 0.0428
2025-09-21 23:35:15,718 - INFO - Epoch finished. Average Loss: 0.0421
2025-09-21 23:47:55,444 - INFO - Epoch finished. Average Loss: 0.0430
2025-09-22 00:00:38,840 - INFO - Epoch finished. Average Loss: 0.0427
2025-09-22 00:13:28,231 - INFO - Epoch finished. Average Loss: 0.0424
2025-09-22 00:26:08,301 - INFO - Epoch finished. Average Loss: 0.0421
2025-09-22 00:38:46,543 - INFO - Epoch finished. Average Loss: 0.0419
2025-09-22 00:51:30,419 - INFO - Epoch finished. Average Loss: 0.0420
2025-09-22 01:04:07,531 - INFO - Epoch finished. Average Loss: 0.0416
2025-09-22 01:16:54,462 - INFO - Epoch finished. Average Loss: 0.0424
2025-09-22 01:29:31,556 - INFO - Epoch finished. Average Loss: 0.0420
2025-09-22 01:42:16,307 - INFO - Epoch finished. Average Loss: 0.0428
2025-09-22 01:54:58,958 - INFO - Epoch finished. Average Loss: 0.0408
2025-09-22 02:07:29,638 - INFO - Epoch finished. Average Loss: 0.0417
2025-09-22 02:20:10,608 - INFO - Epoch finished. Average Loss: 0.0410
2025-09-22 02:32:54,741 - INFO - Epoch finished. Average Loss: 0.0414
2025-09-22 02:45:38,749 - INFO - Epoch finished. Average Loss: 0.0416
2025-09-22 02:58:14,293 - INFO - Epoch finished. Average Loss: 0.0416
2025-09-22 03:11:01,332 - INFO - Epoch finished. Average Loss: 0.0411
2025-09-22 03:23:40,634 - INFO - Epoch finished. Average Loss: 0.0407
2025-09-22 03:36:18,842 - INFO - Epoch finished. Average Loss: 0.0407
2025-09-22 03:48:59,560 - INFO - Epoch finished. Average Loss: 0.0408
2025-09-22 04:01:33,226 - INFO - Epoch finished. Average Loss: 0.0411
2025-09-22 04:14:21,674 - INFO - Epoch finished. Average Loss: 0.0408
2025-09-22 04:26:57,479 - INFO - Epoch finished. Average Loss: 0.0406
2025-09-22 04:39:37,877 - INFO - Epoch finished. Average Loss: 0.0409
2025-09-22 04:52:18,980 - INFO - Epoch finished. Average Loss: 0.0410
2025-09-22 05:05:05,250 - INFO - Epoch finished. Average Loss: 0.0402
2025-09-22 05:17:51,501 - INFO - Epoch finished. Average Loss: 0.0408
2025-09-22 05:30:34,188 - INFO - Epoch finished. Average Loss: 0.0410
2025-09-22 05:43:13,884 - INFO - Epoch finished. Average Loss: 0.0403
2025-09-22 05:55:56,358 - INFO - Epoch finished. Average Loss: 0.0399
2025-09-22 06:08:41,920 - INFO - Epoch finished. Average Loss: 0.0399
2025-09-22 06:21:22,966 - INFO - Epoch finished. Average Loss: 0.0404
2025-09-22 06:34:06,049 - INFO - Epoch finished. Average Loss: 0.0400
2025-09-22 06:46:46,388 - INFO - Epoch finished. Average Loss: 0.0397
2025-09-22 06:59:24,931 - INFO - Epoch finished. Average Loss: 0.0397
2025-09-22 07:12:08,694 - INFO - Epoch finished. Average Loss: 0.0394
2025-09-22 07:24:50,335 - INFO - Epoch finished. Average Loss: 0.0392
2025-09-22 07:37:31,766 - INFO - Epoch finished. Average Loss: 0.0395
2025-09-22 07:50:12,472 - INFO - Epoch finished. Average Loss: 0.0398
2025-09-22 08:02:52,105 - INFO - Epoch finished. Average Loss: 0.0397
2025-09-22 08:15:34,399 - INFO - Epoch finished. Average Loss: 0.0386
2025-09-22 08:28:11,256 - INFO - Epoch finished. Average Loss: 0.0393
2025-09-22 08:40:51,233 - INFO - Epoch finished. Average Loss: 0.0394
2025-09-22 08:53:32,654 - INFO - Epoch finished. Average Loss: 0.0395
2025-09-22 09:06:09,813 - INFO - Epoch finished. Average Loss: 0.0389
2025-09-22 09:18:51,574 - INFO - Epoch finished. Average Loss: 0.0393
2025-09-22 09:31:36,203 - INFO - Epoch finished. Average Loss: 0.0388
2025-09-22 09:44:17,386 - INFO - Epoch finished. Average Loss: 0.0387
2025-09-22 09:56:59,498 - INFO - Epoch finished. Average Loss: 0.0388
2025-09-22 10:09:43,344 - INFO - Epoch finished. Average Loss: 0.0391
2025-09-22 10:22:27,624 - INFO - Epoch finished. Average Loss: 0.0384
2025-09-22 10:35:04,979 - INFO - Epoch finished. Average Loss: 0.0385
2025-09-22 10:47:41,928 - INFO - Epoch finished. Average Loss: 0.0384
2025-09-22 11:00:18,614 - INFO - Epoch finished. Average Loss: 0.0387
2025-09-22 11:12:58,764 - INFO - Epoch finished. Average Loss: 0.0377
2025-09-22 11:25:37,799 - INFO - Epoch finished. Average Loss: 0.0383
2025-09-22 11:38:20,993 - INFO - Epoch finished. Average Loss: 0.0387
2025-09-22 11:51:02,237 - INFO - Epoch finished. Average Loss: 0.0379
2025-09-22 12:03:43,222 - INFO - Epoch finished. Average Loss: 0.0375
2025-09-22 12:16:21,144 - INFO - Epoch finished. Average Loss: 0.0378
2025-09-22 12:29:03,383 - INFO - Epoch finished. Average Loss: 0.0380
2025-09-22 12:41:44,819 - INFO - Epoch finished. Average Loss: 0.0380
2025-09-22 12:54:28,226 - INFO - Epoch finished. Average Loss: 0.0378
2025-09-22 13:07:11,331 - INFO - Epoch finished. Average Loss: 0.0378
2025-09-22 13:19:54,058 - INFO - Epoch finished. Average Loss: 0.0377
2025-09-22 13:32:38,568 - INFO - Epoch finished. Average Loss: 0.0377
2025-09-22 13:45:17,101 - INFO - Epoch finished. Average Loss: 0.0376
2025-09-22 13:58:01,292 - INFO - Epoch finished. Average Loss: 0.0371
2025-09-22 14:10:49,693 - INFO - Epoch finished. Average Loss: 0.0374
2025-09-22 14:23:33,105 - INFO - Epoch finished. Average Loss: 0.0376
2025-09-22 14:36:13,796 - INFO - Epoch finished. Average Loss: 0.0375
2025-09-22 14:48:53,230 - INFO - Epoch finished. Average Loss: 0.0374
2025-09-22 15:01:37,803 - INFO - Epoch finished. Average Loss: 0.0378
2025-09-22 15:14:20,610 - INFO - Epoch finished. Average Loss: 0.0365
2025-09-22 15:27:04,615 - INFO - Epoch finished. Average Loss: 0.0374
2025-09-22 15:39:44,345 - INFO - Epoch finished. Average Loss: 0.0371
2025-09-22 15:52:26,933 - INFO - Epoch finished. Average Loss: 0.0369
2025-09-22 16:05:03,498 - INFO - Epoch finished. Average Loss: 0.0362
2025-09-22 16:17:46,772 - INFO - Epoch finished. Average Loss: 0.0371
2025-09-22 16:30:27,968 - INFO - Epoch finished. Average Loss: 0.0364
2025-09-22 16:43:08,157 - INFO - Epoch finished. Average Loss: 0.0371
2025-09-22 16:55:56,183 - INFO - Epoch finished. Average Loss: 0.0364
2025-09-22 17:08:40,754 - INFO - Epoch finished. Average Loss: 0.0366
2025-09-22 17:21:25,167 - INFO - Epoch finished. Average Loss: 0.0362
2025-09-22 17:34:09,373 - INFO - Epoch finished. Average Loss: 0.0364
2025-09-22 17:46:51,702 - INFO - Epoch finished. Average Loss: 0.0372
2025-09-22 17:59:32,284 - INFO - Epoch finished. Average Loss: 0.0359
2025-09-22 18:12:10,255 - INFO - Epoch finished. Average Loss: 0.0360
2025-09-22 18:24:51,081 - INFO - Epoch finished. Average Loss: 0.0360
2025-09-22 18:37:26,492 - INFO - Epoch finished. Average Loss: 0.0365
2025-09-22 18:50:08,548 - INFO - Epoch finished. Average Loss: 0.0365
2025-09-22 19:02:52,839 - INFO - Epoch finished. Average Loss: 0.0360
2025-09-22 19:15:38,722 - INFO - Epoch finished. Average Loss: 0.0356
2025-09-22 19:28:24,865 - INFO - Epoch finished. Average Loss: 0.0358
2025-09-22 19:41:02,344 - INFO - Epoch finished. Average Loss: 0.0350
2025-09-22 19:53:42,530 - INFO - Epoch finished. Average Loss: 0.0359
2025-09-22 20:06:23,257 - INFO - Epoch finished. Average Loss: 0.0360
2025-09-22 20:19:07,551 - INFO - Epoch finished. Average Loss: 0.0366
2025-09-22 20:31:54,888 - INFO - Epoch finished. Average Loss: 0.0368
2025-09-22 20:44:39,102 - INFO - Epoch finished. Average Loss: 0.0356
2025-09-22 20:57:24,176 - INFO - Epoch finished. Average Loss: 0.0350
2025-09-22 21:10:08,943 - INFO - Epoch finished. Average Loss: 0.0359
2025-09-22 21:22:53,290 - INFO - Epoch finished. Average Loss: 0.0355
2025-09-22 21:35:35,608 - INFO - Epoch finished. Average Loss: 0.0361
2025-09-22 21:48:20,704 - INFO - Epoch finished. Average Loss: 0.0357
2025-09-22 22:01:01,660 - INFO - Epoch finished. Average Loss: 0.0354
2025-09-22 22:13:44,521 - INFO - Epoch finished. Average Loss: 0.0352
2025-09-22 22:26:28,819 - INFO - Epoch finished. Average Loss: 0.0362
2025-09-22 22:39:11,685 - INFO - Epoch finished. Average Loss: 0.0347
2025-09-22 22:51:53,440 - INFO - Epoch finished. Average Loss: 0.0357
2025-09-22 23:04:32,365 - INFO - Epoch finished. Average Loss: 0.0352
2025-09-22 23:17:12,718 - INFO - Epoch finished. Average Loss: 0.0350
2025-09-22 23:29:56,074 - INFO - Epoch finished. Average Loss: 0.0347
2025-09-22 23:42:33,449 - INFO - Epoch finished. Average Loss: 0.0347
2025-09-22 23:55:13,485 - INFO - Epoch finished. Average Loss: 0.0346
2025-09-23 00:08:00,226 - INFO - Epoch finished. Average Loss: 0.0342
2025-09-23 00:20:41,902 - INFO - Epoch finished. Average Loss: 0.0345
2025-09-23 00:33:24,132 - INFO - Epoch finished. Average Loss: 0.0347
2025-09-23 00:46:02,472 - INFO - Epoch finished. Average Loss: 0.0350
2025-09-23 00:58:46,498 - INFO - Epoch finished. Average Loss: 0.0342
2025-09-23 01:11:21,823 - INFO - Epoch finished. Average Loss: 0.0341
2025-09-23 01:24:01,336 - INFO - Epoch finished. Average Loss: 0.0346
2025-09-23 01:36:39,673 - INFO - Epoch finished. Average Loss: 0.0344
2025-09-23 01:49:21,396 - INFO - Epoch finished. Average Loss: 0.0345
2025-09-23 02:02:04,920 - INFO - Epoch finished. Average Loss: 0.0345
2025-09-23 02:14:47,107 - INFO - Epoch finished. Average Loss: 0.0347
2025-09-23 02:27:23,326 - INFO - Epoch finished. Average Loss: 0.0345
2025-09-23 02:40:08,291 - INFO - Epoch finished. Average Loss: 0.0346
2025-09-23 02:52:49,020 - INFO - Epoch finished. Average Loss: 0.0345
2025-09-23 03:05:26,470 - INFO - Epoch finished. Average Loss: 0.0342
2025-09-23 03:18:06,547 - INFO - Epoch finished. Average Loss: 0.0341
2025-09-23 03:30:44,700 - INFO - Epoch finished. Average Loss: 0.0338
2025-09-23 03:43:27,340 - INFO - Epoch finished. Average Loss: 0.0345
2025-09-23 03:56:08,870 - INFO - Epoch finished. Average Loss: 0.0340
2025-09-23 04:08:49,844 - INFO - Epoch finished. Average Loss: 0.0342
2025-09-23 04:21:39,561 - INFO - Epoch finished. Average Loss: 0.0339
2025-09-23 04:34:27,921 - INFO - Epoch finished. Average Loss: 0.0334
2025-09-23 04:47:08,037 - INFO - Epoch finished. Average Loss: 0.0339
2025-09-23 04:59:52,542 - INFO - Epoch finished. Average Loss: 0.0336
2025-09-23 05:12:34,669 - INFO - Epoch finished. Average Loss: 0.0334
2025-09-23 05:25:13,569 - INFO - Epoch finished. Average Loss: 0.0338
2025-09-23 05:38:06,219 - INFO - Epoch finished. Average Loss: 0.0337
2025-09-23 05:50:45,217 - INFO - Epoch finished. Average Loss: 0.0343
2025-09-23 06:03:29,744 - INFO - Epoch finished. Average Loss: 0.0329
2025-09-23 06:16:14,250 - INFO - Epoch finished. Average Loss: 0.0330
2025-09-23 06:28:53,756 - INFO - Epoch finished. Average Loss: 0.0340
2025-09-23 06:41:27,499 - INFO - Epoch finished. Average Loss: 0.0332
2025-09-23 06:54:08,709 - INFO - Epoch finished. Average Loss: 0.0331
2025-09-23 07:06:49,368 - INFO - Epoch finished. Average Loss: 0.0332
2025-09-23 07:19:37,765 - INFO - Epoch finished. Average Loss: 0.0329
2025-09-23 07:32:16,950 - INFO - Epoch finished. Average Loss: 0.0334
2025-09-23 07:44:57,587 - INFO - Epoch finished. Average Loss: 0.0338
2025-09-23 07:57:37,538 - INFO - Epoch finished. Average Loss: 0.0337
2025-09-23 08:10:27,686 - INFO - Epoch finished. Average Loss: 0.0331
2025-09-23 08:23:09,786 - INFO - Epoch finished. Average Loss: 0.0326
2025-09-23 08:35:51,374 - INFO - Epoch finished. Average Loss: 0.0333
2025-09-23 08:48:31,838 - INFO - Epoch finished. Average Loss: 0.0329
2025-09-23 09:01:13,095 - INFO - Epoch finished. Average Loss: 0.0327
2025-09-23 09:13:54,694 - INFO - Epoch finished. Average Loss: 0.0327
2025-09-23 09:26:38,663 - INFO - Epoch finished. Average Loss: 0.0325
2025-09-23 09:39:21,736 - INFO - Epoch finished. Average Loss: 0.0322
2025-09-23 09:52:04,585 - INFO - Epoch finished. Average Loss: 0.0325
2025-09-23 10:04:51,512 - INFO - Epoch finished. Average Loss: 0.0330
2025-09-23 10:17:29,889 - INFO - Epoch finished. Average Loss: 0.0328
2025-09-23 10:30:10,196 - INFO - Epoch finished. Average Loss: 0.0321
2025-09-23 10:42:53,215 - INFO - Epoch finished. Average Loss: 0.0330
2025-09-23 10:55:33,555 - INFO - Epoch finished. Average Loss: 0.0327
2025-09-23 11:08:09,944 - INFO - Epoch finished. Average Loss: 0.0324
2025-09-23 11:20:53,134 - INFO - Epoch finished. Average Loss: 0.0325
2025-09-23 11:33:28,845 - INFO - Epoch finished. Average Loss: 0.0324
2025-09-23 11:46:05,285 - INFO - Epoch finished. Average Loss: 0.0321
2025-09-23 11:58:48,170 - INFO - Epoch finished. Average Loss: 0.0324
2025-09-23 12:11:26,987 - INFO - Epoch finished. Average Loss: 0.0328
2025-09-23 12:24:07,720 - INFO - Epoch finished. Average Loss: 0.0319
2025-09-23 12:36:51,291 - INFO - Epoch finished. Average Loss: 0.0328
2025-09-23 12:49:30,230 - INFO - Epoch finished. Average Loss: 0.0324
2025-09-23 13:02:16,797 - INFO - Epoch finished. Average Loss: 0.0320
2025-09-23 13:15:04,830 - INFO - Epoch finished. Average Loss: 0.0321
2025-09-23 13:27:45,201 - INFO - Epoch finished. Average Loss: 0.0319
2025-09-23 13:40:23,471 - INFO - Epoch finished. Average Loss: 0.0324
2025-09-23 13:53:03,988 - INFO - Epoch finished. Average Loss: 0.0322
2025-09-23 14:05:51,122 - INFO - Epoch finished. Average Loss: 0.0319
2025-09-23 14:18:33,636 - INFO - Epoch finished. Average Loss: 0.0320
2025-09-23 14:31:11,310 - INFO - Epoch finished. Average Loss: 0.0321
2025-09-23 14:43:55,770 - INFO - Epoch finished. Average Loss: 0.0311
2025-09-23 14:56:38,998 - INFO - Epoch finished. Average Loss: 0.0320
2025-09-23 15:09:21,465 - INFO - Epoch finished. Average Loss: 0.0323
2025-09-23 15:22:04,913 - INFO - Epoch finished. Average Loss: 0.0318
2025-09-23 15:34:45,905 - INFO - Epoch finished. Average Loss: 0.0315
2025-09-23 15:47:28,227 - INFO - Epoch finished. Average Loss: 0.0316
2025-09-23 16:00:09,013 - INFO - Epoch finished. Average Loss: 0.0323
2025-09-23 16:12:50,335 - INFO - Epoch finished. Average Loss: 0.0319
2025-09-23 16:25:34,547 - INFO - Epoch finished. Average Loss: 0.0312
2025-09-23 16:38:18,893 - INFO - Epoch finished. Average Loss: 0.0311
2025-09-23 16:50:56,240 - INFO - Epoch finished. Average Loss: 0.0325
2025-09-23 17:03:38,474 - INFO - Epoch finished. Average Loss: 0.0312
2025-09-23 17:16:22,487 - INFO - Epoch finished. Average Loss: 0.0312
2025-09-23 17:29:00,801 - INFO - Epoch finished. Average Loss: 0.0316
2025-09-23 17:41:44,287 - INFO - Epoch finished. Average Loss: 0.0313
2025-09-23 17:54:22,759 - INFO - Epoch finished. Average Loss: 0.0314
2025-09-23 18:07:02,290 - INFO - Epoch finished. Average Loss: 0.0312
2025-09-23 18:19:47,818 - INFO - Epoch finished. Average Loss: 0.0310
2025-09-23 18:32:33,070 - INFO - Epoch finished. Average Loss: 0.0312
2025-09-23 18:45:15,324 - INFO - Epoch finished. Average Loss: 0.0311
2025-09-23 18:57:59,100 - INFO - Epoch finished. Average Loss: 0.0310
2025-09-23 19:10:44,127 - INFO - Epoch finished. Average Loss: 0.0313
2025-09-23 19:23:33,165 - INFO - Epoch finished. Average Loss: 0.0308
2025-09-23 19:36:15,419 - INFO - Epoch finished. Average Loss: 0.0318
2025-09-23 19:48:52,227 - INFO - Epoch finished. Average Loss: 0.0309
2025-09-23 20:01:35,497 - INFO - Epoch finished. Average Loss: 0.0305
2025-09-23 20:14:20,332 - INFO - Epoch finished. Average Loss: 0.0308
2025-09-23 20:27:04,565 - INFO - Epoch finished. Average Loss: 0.0310
2025-09-23 20:39:44,950 - INFO - Epoch finished. Average Loss: 0.0311
2025-09-23 20:52:27,621 - INFO - Epoch finished. Average Loss: 0.0306
2025-09-23 21:05:06,903 - INFO - Epoch finished. Average Loss: 0.0311
2025-09-23 21:17:52,106 - INFO - Epoch finished. Average Loss: 0.0310
2025-09-23 21:30:31,609 - INFO - Epoch finished. Average Loss: 0.0308
2025-09-23 21:43:14,483 - INFO - Epoch finished. Average Loss: 0.0306
2025-09-23 21:56:00,261 - INFO - Epoch finished. Average Loss: 0.0305
2025-09-23 22:08:42,133 - INFO - Epoch finished. Average Loss: 0.0306
2025-09-23 22:21:24,508 - INFO - Epoch finished. Average Loss: 0.0301
2025-09-23 22:34:04,789 - INFO - Epoch finished. Average Loss: 0.0309
2025-09-23 22:46:43,579 - INFO - Epoch finished. Average Loss: 0.0306
2025-09-23 22:59:33,327 - INFO - Epoch finished. Average Loss: 0.0300
2025-09-23 23:12:16,538 - INFO - Epoch finished. Average Loss: 0.0302
2025-09-23 23:25:01,494 - INFO - Epoch finished. Average Loss: 0.0305
2025-09-23 23:37:46,031 - INFO - Epoch finished. Average Loss: 0.0304
2025-09-23 23:50:31,071 - INFO - Epoch finished. Average Loss: 0.0301
2025-09-24 00:03:13,581 - INFO - Epoch finished. Average Loss: 0.0301
2025-09-24 00:15:59,886 - INFO - Epoch finished. Average Loss: 0.0308
2025-09-24 00:28:40,751 - INFO - Epoch finished. Average Loss: 0.0303
2025-09-24 00:41:23,328 - INFO - Epoch finished. Average Loss: 0.0304
2025-09-24 00:54:06,387 - INFO - Epoch finished. Average Loss: 0.0304
2025-09-24 01:06:46,619 - INFO - Epoch finished. Average Loss: 0.0304
2025-09-24 01:19:26,269 - INFO - Epoch finished. Average Loss: 0.0301
2025-09-24 01:32:01,642 - INFO - Epoch finished. Average Loss: 0.0302
2025-09-24 01:44:44,866 - INFO - Epoch finished. Average Loss: 0.0299
2025-09-24 01:57:23,053 - INFO - Epoch finished. Average Loss: 0.0297
2025-09-24 02:10:01,751 - INFO - Epoch finished. Average Loss: 0.0305
2025-09-24 02:22:39,429 - INFO - Epoch finished. Average Loss: 0.0299
2025-09-24 02:35:15,634 - INFO - Epoch finished. Average Loss: 0.0304
2025-09-24 02:47:57,170 - INFO - Epoch finished. Average Loss: 0.0298
2025-09-24 03:00:42,613 - INFO - Epoch finished. Average Loss: 0.0295
2025-09-24 03:13:25,532 - INFO - Epoch finished. Average Loss: 0.0297
2025-09-24 03:26:04,501 - INFO - Epoch finished. Average Loss: 0.0299
2025-09-24 03:38:54,313 - INFO - Epoch finished. Average Loss: 0.0300
2025-09-24 03:51:38,522 - INFO - Epoch finished. Average Loss: 0.0299
2025-09-24 04:04:22,933 - INFO - Epoch finished. Average Loss: 0.0301
2025-09-24 04:17:00,976 - INFO - Epoch finished. Average Loss: 0.0301
2025-09-24 04:29:40,717 - INFO - Epoch finished. Average Loss: 0.0296
2025-09-24 04:42:27,454 - INFO - Epoch finished. Average Loss: 0.0297
2025-09-24 04:55:22,212 - INFO - Epoch finished. Average Loss: 0.0294
2025-09-24 05:08:05,488 - INFO - Epoch finished. Average Loss: 0.0298
2025-09-24 05:20:47,543 - INFO - Epoch finished. Average Loss: 0.0295
2025-09-24 05:33:24,604 - INFO - Epoch finished. Average Loss: 0.0297
2025-09-24 05:46:06,192 - INFO - Epoch finished. Average Loss: 0.0296
2025-09-24 05:58:49,588 - INFO - Epoch finished. Average Loss: 0.0292
2025-09-24 06:11:38,744 - INFO - Epoch finished. Average Loss: 0.0295
2025-09-24 06:24:19,915 - INFO - Epoch finished. Average Loss: 0.0294
2025-09-24 06:36:58,893 - INFO - Epoch finished. Average Loss: 0.0296
2025-09-24 06:49:37,145 - INFO - Epoch finished. Average Loss: 0.0292
2025-09-24 07:02:15,867 - INFO - Epoch finished. Average Loss: 0.0301
2025-09-24 07:15:02,631 - INFO - Epoch finished. Average Loss: 0.0294
2025-09-24 07:27:41,586 - INFO - Epoch finished. Average Loss: 0.0295
2025-09-24 07:40:16,637 - INFO - Epoch finished. Average Loss: 0.0292
2025-09-24 07:52:48,344 - INFO - Epoch finished. Average Loss: 0.0291
2025-09-24 08:05:27,504 - INFO - Epoch finished. Average Loss: 0.0290
2025-09-24 08:18:14,243 - INFO - Epoch finished. Average Loss: 0.0289
2025-09-24 08:30:52,627 - INFO - Epoch finished. Average Loss: 0.0296
2025-09-24 08:43:28,411 - INFO - Epoch finished. Average Loss: 0.0294
2025-09-24 08:56:09,633 - INFO - Epoch finished. Average Loss: 0.0292
2025-09-24 09:08:54,502 - INFO - Epoch finished. Average Loss: 0.0290
2025-09-24 09:21:43,661 - INFO - Epoch finished. Average Loss: 0.0285
2025-09-24 09:34:23,836 - INFO - Epoch finished. Average Loss: 0.0290
2025-09-24 09:47:02,904 - INFO - Epoch finished. Average Loss: 0.0289
2025-09-24 09:59:41,049 - INFO - Epoch finished. Average Loss: 0.0288
2025-09-24 10:12:25,049 - INFO - Epoch finished. Average Loss: 0.0288
2025-09-24 10:25:05,381 - INFO - Epoch finished. Average Loss: 0.0290
2025-09-24 10:37:43,441 - INFO - Epoch finished. Average Loss: 0.0293
2025-09-24 10:50:22,292 - INFO - Epoch finished. Average Loss: 0.0287
2025-09-24 11:03:05,183 - INFO - Epoch finished. Average Loss: 0.0289
2025-09-24 11:15:51,843 - INFO - Epoch finished. Average Loss: 0.0288
2025-09-24 11:28:32,478 - INFO - Epoch finished. Average Loss: 0.0285
2025-09-24 11:41:13,072 - INFO - Epoch finished. Average Loss: 0.0288
2025-09-24 11:53:53,276 - INFO - Epoch finished. Average Loss: 0.0292
2025-09-24 12:06:45,815 - INFO - Epoch finished. Average Loss: 0.0288
2025-09-24 12:19:22,860 - INFO - Epoch finished. Average Loss: 0.0288
2025-09-24 12:32:01,899 - INFO - Epoch finished. Average Loss: 0.0286
2025-09-24 12:44:44,454 - INFO - Epoch finished. Average Loss: 0.0284
2025-09-24 12:57:23,389 - INFO - Epoch finished. Average Loss: 0.0286
2025-09-24 13:09:52,804 - INFO - Epoch finished. Average Loss: 0.0291
2025-09-24 13:22:16,947 - INFO - Epoch finished. Average Loss: 0.0285
2025-09-24 13:34:48,011 - INFO - Epoch finished. Average Loss: 0.0284
2025-09-24 13:47:16,409 - INFO - Epoch finished. Average Loss: 0.0285
2025-09-24 13:59:53,402 - INFO - Epoch finished. Average Loss: 0.0288
2025-09-24 14:12:18,358 - INFO - Epoch finished. Average Loss: 0.0283
2025-09-24 14:24:46,948 - INFO - Epoch finished. Average Loss: 0.0283
2025-09-24 14:37:22,160 - INFO - Epoch finished. Average Loss: 0.0284
2025-09-24 14:49:51,473 - INFO - Epoch finished. Average Loss: 0.0282
2025-09-24 15:02:20,864 - INFO - Epoch finished. Average Loss: 0.0283
2025-09-24 15:14:50,250 - INFO - Epoch finished. Average Loss: 0.0281
2025-09-24 15:27:16,995 - INFO - Epoch finished. Average Loss: 0.0281
2025-09-24 15:39:49,878 - INFO - Epoch finished. Average Loss: 0.0282
2025-09-24 15:52:32,704 - INFO - Epoch finished. Average Loss: 0.0281
2025-09-24 16:05:02,897 - INFO - Epoch finished. Average Loss: 0.0281
2025-09-24 16:17:31,980 - INFO - Epoch finished. Average Loss: 0.0281
2025-09-24 16:30:07,064 - INFO - Epoch finished. Average Loss: 0.0284
2025-09-24 16:42:37,400 - INFO - Epoch finished. Average Loss: 0.0278
2025-09-24 16:55:10,742 - INFO - Epoch finished. Average Loss: 0.0282
2025-09-24 17:07:39,609 - INFO - Epoch finished. Average Loss: 0.0282
2025-09-24 17:20:13,174 - INFO - Epoch finished. Average Loss: 0.0279
2025-09-24 17:32:45,867 - INFO - Epoch finished. Average Loss: 0.0281
2025-09-24 17:45:15,542 - INFO - Epoch finished. Average Loss: 0.0280
2025-09-24 17:57:51,132 - INFO - Epoch finished. Average Loss: 0.0281
2025-09-24 18:10:17,976 - INFO - Epoch finished. Average Loss: 0.0279
2025-09-24 18:22:51,864 - INFO - Epoch finished. Average Loss: 0.0279
2025-09-24 18:35:24,766 - INFO - Epoch finished. Average Loss: 0.0278
2025-09-24 18:47:56,276 - INFO - Epoch finished. Average Loss: 0.0274
2025-09-24 19:00:27,255 - INFO - Epoch finished. Average Loss: 0.0281
2025-09-24 19:12:56,379 - INFO - Epoch finished. Average Loss: 0.0279
2025-09-24 19:25:21,438 - INFO - Epoch finished. Average Loss: 0.0279
2025-09-24 19:37:48,544 - INFO - Epoch finished. Average Loss: 0.0279
2025-09-24 19:50:14,369 - INFO - Epoch finished. Average Loss: 0.0279
2025-09-24 20:02:53,146 - INFO - Epoch finished. Average Loss: 0.0273
2025-09-24 20:15:26,219 - INFO - Epoch finished. Average Loss: 0.0275
2025-09-24 20:27:54,086 - INFO - Epoch finished. Average Loss: 0.0275
2025-09-24 20:40:27,071 - INFO - Epoch finished. Average Loss: 0.0280
2025-09-24 20:52:55,699 - INFO - Epoch finished. Average Loss: 0.0274
2025-09-24 21:05:28,101 - INFO - Epoch finished. Average Loss: 0.0274
2025-09-24 21:18:00,388 - INFO - Epoch finished. Average Loss: 0.0276
2025-09-24 21:30:30,096 - INFO - Epoch finished. Average Loss: 0.0276
2025-09-24 21:43:04,614 - INFO - Epoch finished. Average Loss: 0.0275
2025-09-24 21:55:34,414 - INFO - Epoch finished. Average Loss: 0.0276
2025-09-24 22:08:05,122 - INFO - Epoch finished. Average Loss: 0.0274
2025-09-24 22:20:30,734 - INFO - Epoch finished. Average Loss: 0.0277
2025-09-24 22:32:58,678 - INFO - Epoch finished. Average Loss: 0.0274
2025-09-24 22:45:27,889 - INFO - Epoch finished. Average Loss: 0.0277
2025-09-24 22:58:00,171 - INFO - Epoch finished. Average Loss: 0.0274
2025-09-24 23:10:35,996 - INFO - Epoch finished. Average Loss: 0.0273
2025-09-24 23:23:09,934 - INFO - Epoch finished. Average Loss: 0.0273
2025-09-24 23:35:38,238 - INFO - Epoch finished. Average Loss: 0.0271
2025-09-24 23:48:08,882 - INFO - Epoch finished. Average Loss: 0.0272
2025-09-25 00:00:36,598 - INFO - Epoch finished. Average Loss: 0.0272
2025-09-25 00:13:05,124 - INFO - Epoch finished. Average Loss: 0.0270
2025-09-25 00:25:34,008 - INFO - Epoch finished. Average Loss: 0.0274
2025-09-25 00:38:02,957 - INFO - Epoch finished. Average Loss: 0.0274
2025-09-25 00:50:31,404 - INFO - Epoch finished. Average Loss: 0.0272
2025-09-25 01:03:01,146 - INFO - Epoch finished. Average Loss: 0.0271
2025-09-25 01:15:36,615 - INFO - Epoch finished. Average Loss: 0.0273
2025-09-25 01:28:10,248 - INFO - Epoch finished. Average Loss: 0.0274
2025-09-25 01:40:44,506 - INFO - Epoch finished. Average Loss: 0.0272
2025-09-25 01:53:24,779 - INFO - Epoch finished. Average Loss: 0.0273
2025-09-25 02:05:57,917 - INFO - Epoch finished. Average Loss: 0.0270
2025-09-25 02:18:27,424 - INFO - Epoch finished. Average Loss: 0.0268
2025-09-25 02:30:50,806 - INFO - Epoch finished. Average Loss: 0.0273
2025-09-25 02:43:23,884 - INFO - Epoch finished. Average Loss: 0.0270
2025-09-25 02:55:50,631 - INFO - Epoch finished. Average Loss: 0.0274
2025-09-25 03:08:24,275 - INFO - Epoch finished. Average Loss: 0.0271
2025-09-25 03:20:51,525 - INFO - Epoch finished. Average Loss: 0.0270
2025-09-25 03:33:24,453 - INFO - Epoch finished. Average Loss: 0.0266
2025-09-25 03:46:02,337 - INFO - Epoch finished. Average Loss: 0.0267
2025-09-25 03:58:36,717 - INFO - Epoch finished. Average Loss: 0.0269
2025-09-25 04:11:14,765 - INFO - Epoch finished. Average Loss: 0.0269
2025-09-25 04:23:44,192 - INFO - Epoch finished. Average Loss: 0.0272
2025-09-25 04:36:20,588 - INFO - Epoch finished. Average Loss: 0.0267
2025-09-25 04:48:53,765 - INFO - Epoch finished. Average Loss: 0.0269
2025-09-25 05:01:30,058 - INFO - Epoch finished. Average Loss: 0.0270
2025-09-25 05:13:58,511 - INFO - Epoch finished. Average Loss: 0.0267
2025-09-25 05:26:34,322 - INFO - Epoch finished. Average Loss: 0.0267
2025-09-25 05:39:04,192 - INFO - Epoch finished. Average Loss: 0.0267
2025-09-25 05:51:36,998 - INFO - Epoch finished. Average Loss: 0.0268
2025-09-25 06:04:17,528 - INFO - Epoch finished. Average Loss: 0.0266
2025-09-25 06:16:43,742 - INFO - Epoch finished. Average Loss: 0.0266
2025-09-25 06:29:12,348 - INFO - Epoch finished. Average Loss: 0.0267
2025-09-25 06:41:39,689 - INFO - Epoch finished. Average Loss: 0.0265
2025-09-25 06:54:19,456 - INFO - Epoch finished. Average Loss: 0.0266
2025-09-25 07:06:51,643 - INFO - Epoch finished. Average Loss: 0.0265
2025-09-25 07:19:18,867 - INFO - Epoch finished. Average Loss: 0.0268
2025-09-25 07:31:51,357 - INFO - Epoch finished. Average Loss: 0.0266
2025-09-25 07:44:21,542 - INFO - Epoch finished. Average Loss: 0.0265
2025-09-25 07:56:58,332 - INFO - Epoch finished. Average Loss: 0.0266
2025-09-25 08:09:37,620 - INFO - Epoch finished. Average Loss: 0.0265
2025-09-25 08:22:09,814 - INFO - Epoch finished. Average Loss: 0.0264
2025-09-25 08:34:40,772 - INFO - Epoch finished. Average Loss: 0.0264
2025-09-25 08:47:15,666 - INFO - Epoch finished. Average Loss: 0.0265
2025-09-25 08:59:49,139 - INFO - Epoch finished. Average Loss: 0.0266
2025-09-25 09:12:19,035 - INFO - Epoch finished. Average Loss: 0.0266
2025-09-25 09:24:54,641 - INFO - Epoch finished. Average Loss: 0.0265
2025-09-25 09:37:26,394 - INFO - Epoch finished. Average Loss: 0.0260
2025-09-25 09:50:04,343 - INFO - Epoch finished. Average Loss: 0.0265
2025-09-25 10:02:40,681 - INFO - Epoch finished. Average Loss: 0.0262
2025-09-25 10:15:09,845 - INFO - Epoch finished. Average Loss: 0.0264
2025-09-25 10:27:40,004 - INFO - Epoch finished. Average Loss: 0.0263
2025-09-25 10:40:07,254 - INFO - Epoch finished. Average Loss: 0.0262
2025-09-25 10:52:44,320 - INFO - Epoch finished. Average Loss: 0.0261
2025-09-25 11:05:19,305 - INFO - Epoch finished. Average Loss: 0.0265
2025-09-25 11:17:59,529 - INFO - Epoch finished. Average Loss: 0.0262
2025-09-25 11:30:36,162 - INFO - Epoch finished. Average Loss: 0.0262
2025-09-25 11:43:12,425 - INFO - Epoch finished. Average Loss: 0.0262
2025-09-25 11:55:40,892 - INFO - Epoch finished. Average Loss: 0.0262
2025-09-25 12:08:14,495 - INFO - Epoch finished. Average Loss: 0.0263
2025-09-25 12:20:54,916 - INFO - Epoch finished. Average Loss: 0.0263
2025-09-25 12:33:29,227 - INFO - Epoch finished. Average Loss: 0.0260
2025-09-25 12:45:58,055 - INFO - Epoch finished. Average Loss: 0.0260
2025-09-25 12:58:26,766 - INFO - Epoch finished. Average Loss: 0.0261
2025-09-25 13:11:01,115 - INFO - Epoch finished. Average Loss: 0.0262
2025-09-25 13:23:37,903 - INFO - Epoch finished. Average Loss: 0.0260
2025-09-25 13:36:05,106 - INFO - Epoch finished. Average Loss: 0.0258
2025-09-25 13:48:39,284 - INFO - Epoch finished. Average Loss: 0.0259
2025-09-25 14:01:07,716 - INFO - Epoch finished. Average Loss: 0.0258
2025-09-25 14:13:38,285 - INFO - Epoch finished. Average Loss: 0.0259
2025-09-25 14:26:08,885 - INFO - Epoch finished. Average Loss: 0.0257
2025-09-25 14:38:43,209 - INFO - Epoch finished. Average Loss: 0.0263
2025-09-25 14:51:17,954 - INFO - Epoch finished. Average Loss: 0.0258
2025-09-25 15:03:47,501 - INFO - Epoch finished. Average Loss: 0.0259
2025-09-25 15:16:16,615 - INFO - Epoch finished. Average Loss: 0.0259
2025-09-25 15:28:56,172 - INFO - Epoch finished. Average Loss: 0.0257
2025-09-25 15:41:34,120 - INFO - Epoch finished. Average Loss: 0.0257
2025-09-25 15:54:04,606 - INFO - Epoch finished. Average Loss: 0.0257
2025-09-25 16:06:21,376 - INFO - Epoch finished. Average Loss: 0.0260
2025-09-25 16:18:22,214 - INFO - Epoch finished. Average Loss: 0.0259
2025-09-25 16:30:22,685 - INFO - Epoch finished. Average Loss: 0.0258
2025-09-25 16:42:24,621 - INFO - Epoch finished. Average Loss: 0.0258
2025-09-25 16:54:25,155 - INFO - Epoch finished. Average Loss: 0.0258
2025-09-25 17:06:28,395 - INFO - Epoch finished. Average Loss: 0.0259
2025-09-25 17:18:30,994 - INFO - Epoch finished. Average Loss: 0.0256
2025-09-25 17:30:34,793 - INFO - Epoch finished. Average Loss: 0.0257
2025-09-25 17:42:38,984 - INFO - Epoch finished. Average Loss: 0.0257
2025-09-25 17:54:40,151 - INFO - Epoch finished. Average Loss: 0.0257
2025-09-25 18:06:46,803 - INFO - Epoch finished. Average Loss: 0.0256
2025-09-25 18:18:49,574 - INFO - Epoch finished. Average Loss: 0.0256
2025-09-25 18:30:59,753 - INFO - Epoch finished. Average Loss: 0.0255
2025-09-25 18:43:14,286 - INFO - Epoch finished. Average Loss: 0.0255
2025-09-25 18:55:27,701 - INFO - Epoch finished. Average Loss: 0.0255
2025-09-25 19:07:39,112 - INFO - Epoch finished. Average Loss: 0.0257
2025-09-25 19:19:55,303 - INFO - Epoch finished. Average Loss: 0.0255
2025-09-25 19:32:14,507 - INFO - Epoch finished. Average Loss: 0.0254
2025-09-25 19:44:26,101 - INFO - Epoch finished. Average Loss: 0.0256
2025-09-25 19:56:55,198 - INFO - Epoch finished. Average Loss: 0.0254
2025-09-25 20:09:20,216 - INFO - Epoch finished. Average Loss: 0.0253
2025-09-25 20:21:39,849 - INFO - Epoch finished. Average Loss: 0.0255
2025-09-25 20:33:59,118 - INFO - Epoch finished. Average Loss: 0.0255
2025-09-25 20:46:10,933 - INFO - Epoch finished. Average Loss: 0.0254
2025-09-25 20:58:28,157 - INFO - Epoch finished. Average Loss: 0.0254
2025-09-25 21:10:35,079 - INFO - Epoch finished. Average Loss: 0.0254
2025-09-25 21:22:40,954 - INFO - Epoch finished. Average Loss: 0.0255
2025-09-25 21:34:45,778 - INFO - Epoch finished. Average Loss: 0.0255
2025-09-25 21:46:52,196 - INFO - Epoch finished. Average Loss: 0.0255
2025-09-25 21:58:59,366 - INFO - Epoch finished. Average Loss: 0.0255
2025-09-25 22:11:05,669 - INFO - Epoch finished. Average Loss: 0.0253
2025-09-25 22:23:24,137 - INFO - Epoch finished. Average Loss: 0.0255
2025-09-25 22:35:34,437 - INFO - Epoch finished. Average Loss: 0.0254
2025-09-25 22:47:40,699 - INFO - Epoch finished. Average Loss: 0.0254
2025-09-25 22:59:56,305 - INFO - Epoch finished. Average Loss: 0.0255
2025-09-25 23:12:09,532 - INFO - Epoch finished. Average Loss: 0.0251
2025-09-25 23:24:22,721 - INFO - Epoch finished. Average Loss: 0.0254
2025-09-25 23:36:35,844 - INFO - Epoch finished. Average Loss: 0.0255
2025-09-25 23:48:39,170 - INFO - Epoch finished. Average Loss: 0.0251
2025-09-26 00:00:48,228 - INFO - Epoch finished. Average Loss: 0.0252
2025-09-26 00:12:55,543 - INFO - Epoch finished. Average Loss: 0.0252
2025-09-26 00:25:05,631 - INFO - Epoch finished. Average Loss: 0.0251
2025-09-26 00:37:25,691 - INFO - Epoch finished. Average Loss: 0.0252
2025-09-26 00:49:40,580 - INFO - Epoch finished. Average Loss: 0.0252
2025-09-26 01:01:45,169 - INFO - Epoch finished. Average Loss: 0.0252
2025-09-26 01:13:44,343 - INFO - Epoch finished. Average Loss: 0.0250
2025-09-26 01:25:45,556 - INFO - Epoch finished. Average Loss: 0.0252
2025-09-26 01:37:49,626 - INFO - Epoch finished. Average Loss: 0.0251
2025-09-26 01:49:49,052 - INFO - Epoch finished. Average Loss: 0.0251
2025-09-26 02:01:51,047 - INFO - Epoch finished. Average Loss: 0.0249
2025-09-26 02:14:08,305 - INFO - Epoch finished. Average Loss: 0.0251
2025-09-26 02:26:23,088 - INFO - Epoch finished. Average Loss: 0.0252
2025-09-26 02:38:38,734 - INFO - Epoch finished. Average Loss: 0.0250
2025-09-26 02:50:53,907 - INFO - Epoch finished. Average Loss: 0.0251
2025-09-26 03:03:06,649 - INFO - Epoch finished. Average Loss: 0.0250
2025-09-26 03:15:21,616 - INFO - Epoch finished. Average Loss: 0.0250
2025-09-26 03:27:34,028 - INFO - Epoch finished. Average Loss: 0.0251
2025-09-26 03:39:47,460 - INFO - Epoch finished. Average Loss: 0.0249
2025-09-26 03:52:02,565 - INFO - Epoch finished. Average Loss: 0.0249
2025-09-26 04:04:17,478 - INFO - Epoch finished. Average Loss: 0.0250
2025-09-26 04:16:30,436 - INFO - Epoch finished. Average Loss: 0.0248
2025-09-26 04:28:45,152 - INFO - Epoch finished. Average Loss: 0.0249
2025-09-26 04:40:59,750 - INFO - Epoch finished. Average Loss: 0.0249
2025-09-26 04:53:10,691 - INFO - Epoch finished. Average Loss: 0.0249
2025-09-26 05:05:20,664 - INFO - Epoch finished. Average Loss: 0.0248
2025-09-26 05:17:32,968 - INFO - Epoch finished. Average Loss: 0.0249
2025-09-26 05:29:45,817 - INFO - Epoch finished. Average Loss: 0.0250
2025-09-26 05:41:59,604 - INFO - Epoch finished. Average Loss: 0.0247
2025-09-26 05:54:11,235 - INFO - Epoch finished. Average Loss: 0.0249
2025-09-26 06:06:24,711 - INFO - Epoch finished. Average Loss: 0.0248
2025-09-26 06:18:40,999 - INFO - Epoch finished. Average Loss: 0.0250
2025-09-26 06:30:54,751 - INFO - Epoch finished. Average Loss: 0.0246
2025-09-26 06:43:12,291 - INFO - Epoch finished. Average Loss: 0.0250
2025-09-26 06:55:30,010 - INFO - Epoch finished. Average Loss: 0.0248
2025-09-26 07:07:44,732 - INFO - Epoch finished. Average Loss: 0.0247
2025-09-26 07:19:53,825 - INFO - Epoch finished. Average Loss: 0.0249
2025-09-26 07:32:01,994 - INFO - Epoch finished. Average Loss: 0.0248
2025-09-26 07:44:13,071 - INFO - Epoch finished. Average Loss: 0.0247
2025-09-26 07:56:23,368 - INFO - Epoch finished. Average Loss: 0.0246
2025-09-26 08:08:38,693 - INFO - Epoch finished. Average Loss: 0.0249
2025-09-26 08:20:59,880 - INFO - Epoch finished. Average Loss: 0.0248
2025-09-26 08:33:09,931 - INFO - Epoch finished. Average Loss: 0.0248
2025-09-26 08:45:20,759 - INFO - Epoch finished. Average Loss: 0.0247
2025-09-26 08:57:33,031 - INFO - Epoch finished. Average Loss: 0.0248
2025-09-26 09:09:58,844 - INFO - Epoch finished. Average Loss: 0.0248
2025-09-26 09:22:15,172 - INFO - Epoch finished. Average Loss: 0.0247
2025-09-26 09:34:28,934 - INFO - Epoch finished. Average Loss: 0.0247
2025-09-26 09:46:43,420 - INFO - Epoch finished. Average Loss: 0.0245
2025-09-26 09:59:00,240 - INFO - Epoch finished. Average Loss: 0.0246
2025-09-26 10:11:15,743 - INFO - Epoch finished. Average Loss: 0.0243
2025-09-26 10:23:36,811 - INFO - Epoch finished. Average Loss: 0.0245
2025-09-26 10:35:47,577 - INFO - Epoch finished. Average Loss: 0.0245
2025-09-26 10:48:01,691 - INFO - Epoch finished. Average Loss: 0.0247
2025-09-26 11:00:21,622 - INFO - Epoch finished. Average Loss: 0.0246
2025-09-26 11:12:31,743 - INFO - Epoch finished. Average Loss: 0.0248
2025-09-26 11:24:40,970 - INFO - Epoch finished. Average Loss: 0.0246
2025-09-26 11:36:45,451 - INFO - Epoch finished. Average Loss: 0.0245
2025-09-26 11:48:54,871 - INFO - Epoch finished. Average Loss: 0.0246
2025-09-26 12:01:16,481 - INFO - Epoch finished. Average Loss: 0.0245
2025-09-26 12:13:36,080 - INFO - Epoch finished. Average Loss: 0.0246
2025-09-26 12:25:52,227 - INFO - Epoch finished. Average Loss: 0.0245
2025-09-26 12:38:03,332 - INFO - Epoch finished. Average Loss: 0.0244
2025-09-26 12:50:14,172 - INFO - Epoch finished. Average Loss: 0.0246
2025-09-26 13:02:26,078 - INFO - Epoch finished. Average Loss: 0.0245
2025-09-26 13:14:36,615 - INFO - Epoch finished. Average Loss: 0.0246
2025-09-26 13:26:46,009 - INFO - Epoch finished. Average Loss: 0.0244
2025-09-26 13:38:56,842 - INFO - Epoch finished. Average Loss: 0.0242
2025-09-26 13:51:05,643 - INFO - Epoch finished. Average Loss: 0.0244
2025-09-26 14:03:14,615 - INFO - Epoch finished. Average Loss: 0.0245
2025-09-26 14:15:24,145 - INFO - Epoch finished. Average Loss: 0.0244
2025-09-26 14:27:59,163 - INFO - Epoch finished. Average Loss: 0.0245
2025-09-26 14:40:17,344 - INFO - Epoch finished. Average Loss: 0.0244
2025-09-26 14:52:32,466 - INFO - Epoch finished. Average Loss: 0.0244
2025-09-26 15:04:45,244 - INFO - Epoch finished. Average Loss: 0.0245
2025-09-26 15:16:57,390 - INFO - Epoch finished. Average Loss: 0.0243
2025-09-26 15:29:14,435 - INFO - Epoch finished. Average Loss: 0.0245
2025-09-26 15:41:28,036 - INFO - Epoch finished. Average Loss: 0.0245
2025-09-26 15:53:45,186 - INFO - Epoch finished. Average Loss: 0.0244
2025-09-26 16:06:06,474 - INFO - Epoch finished. Average Loss: 0.0243
2025-09-26 16:18:21,177 - INFO - Epoch finished. Average Loss: 0.0243
2025-09-26 16:30:38,305 - INFO - Epoch finished. Average Loss: 0.0242
2025-09-26 16:42:55,880 - INFO - Epoch finished. Average Loss: 0.0243
2025-09-26 16:55:11,420 - INFO - Epoch finished. Average Loss: 0.0245
2025-09-26 17:07:22,670 - INFO - Epoch finished. Average Loss: 0.0243
2025-09-26 17:19:40,780 - INFO - Epoch finished. Average Loss: 0.0242
2025-09-26 17:31:55,410 - INFO - Epoch finished. Average Loss: 0.0243
2025-09-26 17:44:05,605 - INFO - Epoch finished. Average Loss: 0.0241
2025-09-26 17:56:25,962 - INFO - Epoch finished. Average Loss: 0.0243
2025-09-26 18:08:39,450 - INFO - Epoch finished. Average Loss: 0.0244
2025-09-26 18:20:52,096 - INFO - Epoch finished. Average Loss: 0.0244
2025-09-26 18:33:05,800 - INFO - Epoch finished. Average Loss: 0.0243
2025-09-26 18:45:20,129 - INFO - Epoch finished. Average Loss: 0.0242
2025-09-26 18:57:32,157 - INFO - Epoch finished. Average Loss: 0.0243
2025-09-26 19:09:43,845 - INFO - Epoch finished. Average Loss: 0.0243
2025-09-26 19:22:01,176 - INFO - Epoch finished. Average Loss: 0.0242
2025-09-26 19:34:15,472 - INFO - Epoch finished. Average Loss: 0.0242
2025-09-26 19:46:32,028 - INFO - Epoch finished. Average Loss: 0.0242
2025-09-26 19:58:49,455 - INFO - Epoch finished. Average Loss: 0.0242
2025-09-26 20:11:03,600 - INFO - Epoch finished. Average Loss: 0.0241
2025-09-26 20:23:20,337 - INFO - Epoch finished. Average Loss: 0.0240
2025-09-26 20:35:35,814 - INFO - Epoch finished. Average Loss: 0.0241
2025-09-26 20:47:46,962 - INFO - Epoch finished. Average Loss: 0.0243
2025-09-26 21:00:00,181 - INFO - Epoch finished. Average Loss: 0.0243
2025-09-26 21:12:13,136 - INFO - Epoch finished. Average Loss: 0.0241
2025-09-26 21:24:27,093 - INFO - Epoch finished. Average Loss: 0.0242
2025-09-26 21:36:43,240 - INFO - Epoch finished. Average Loss: 0.0242
2025-09-26 21:48:57,385 - INFO - Epoch finished. Average Loss: 0.0242
2025-09-26 22:01:11,429 - INFO - Epoch finished. Average Loss: 0.0241
2025-09-26 22:13:25,713 - INFO - Epoch finished. Average Loss: 0.0244
2025-09-26 22:25:42,399 - INFO - Epoch finished. Average Loss: 0.0240
2025-09-26 22:38:03,737 - INFO - Epoch finished. Average Loss: 0.0240
2025-09-26 22:50:19,104 - INFO - Epoch finished. Average Loss: 0.0241
2025-09-26 23:02:36,909 - INFO - Epoch finished. Average Loss: 0.0242
2025-09-26 23:14:53,648 - INFO - Epoch finished. Average Loss: 0.0241
2025-09-26 23:27:11,503 - INFO - Epoch finished. Average Loss: 0.0241
2025-09-26 23:39:26,813 - INFO - Epoch finished. Average Loss: 0.0241
2025-09-26 23:51:47,273 - INFO - Epoch finished. Average Loss: 0.0240
2025-09-27 00:04:06,355 - INFO - Epoch finished. Average Loss: 0.0241
2025-09-27 00:16:26,976 - INFO - Epoch finished. Average Loss: 0.0242
2025-09-27 00:28:43,785 - INFO - Epoch finished. Average Loss: 0.0240
2025-09-27 00:41:17,663 - INFO - Epoch finished. Average Loss: 0.0240
2025-09-27 00:53:44,222 - INFO - Epoch finished. Average Loss: 0.0240
2025-09-27 01:06:08,027 - INFO - Epoch finished. Average Loss: 0.0240
2025-09-27 01:18:26,304 - INFO - Epoch finished. Average Loss: 0.0240
2025-09-27 01:30:46,986 - INFO - Epoch finished. Average Loss: 0.0239
2025-09-27 01:43:28,168 - INFO - Epoch finished. Average Loss: 0.0239
2025-09-27 01:55:59,869 - INFO - Epoch finished. Average Loss: 0.0240
2025-09-27 02:08:28,389 - INFO - Epoch finished. Average Loss: 0.0239
2025-09-27 02:20:53,581 - INFO - Epoch finished. Average Loss: 0.0242
2025-09-27 02:33:22,873 - INFO - Epoch finished. Average Loss: 0.0239
2025-09-27 02:45:53,889 - INFO - Epoch finished. Average Loss: 0.0239
2025-09-27 02:58:18,681 - INFO - Epoch finished. Average Loss: 0.0241
2025-09-27 03:10:37,003 - INFO - Epoch finished. Average Loss: 0.0241
2025-09-27 03:22:52,551 - INFO - Epoch finished. Average Loss: 0.0239
2025-09-27 03:35:14,966 - INFO - Epoch finished. Average Loss: 0.0238
2025-09-27 03:47:32,346 - INFO - Epoch finished. Average Loss: 0.0239
2025-09-27 03:59:42,256 - INFO - Epoch finished. Average Loss: 0.0240
2025-09-27 04:11:56,879 - INFO - Epoch finished. Average Loss: 0.0241
2025-09-27 04:24:12,653 - INFO - Epoch finished. Average Loss: 0.0239
2025-09-27 04:36:23,660 - INFO - Epoch finished. Average Loss: 0.0240
2025-09-27 04:48:36,346 - INFO - Epoch finished. Average Loss: 0.0240
2025-09-27 05:00:49,083 - INFO - Epoch finished. Average Loss: 0.0239
2025-09-27 05:13:02,136 - INFO - Epoch finished. Average Loss: 0.0238
2025-09-27 05:25:15,950 - INFO - Epoch finished. Average Loss: 0.0239
2025-09-27 05:37:32,775 - INFO - Epoch finished. Average Loss: 0.0239
2025-09-27 05:49:49,052 - INFO - Epoch finished. Average Loss: 0.0238
2025-09-27 06:02:05,761 - INFO - Epoch finished. Average Loss: 0.0238
2025-09-27 06:14:19,186 - INFO - Epoch finished. Average Loss: 0.0239
2025-09-27 06:26:32,610 - INFO - Epoch finished. Average Loss: 0.0239
2025-09-27 06:38:47,448 - INFO - Epoch finished. Average Loss: 0.0239
2025-09-27 06:51:02,837 - INFO - Epoch finished. Average Loss: 0.0239
2025-09-27 07:03:19,614 - INFO - Epoch finished. Average Loss: 0.0239
2025-09-27 07:15:37,298 - INFO - Epoch finished. Average Loss: 0.0238
2025-09-27 07:28:04,322 - INFO - Epoch finished. Average Loss: 0.0237
2025-09-27 07:40:20,530 - INFO - Epoch finished. Average Loss: 0.0239
2025-09-27 07:52:40,698 - INFO - Epoch finished. Average Loss: 0.0239
2025-09-27 08:05:03,617 - INFO - Epoch finished. Average Loss: 0.0239
2025-09-27 08:17:28,721 - INFO - Epoch finished. Average Loss: 0.0239
2025-09-27 08:29:48,075 - INFO - Epoch finished. Average Loss: 0.0238
2025-09-27 08:42:13,136 - INFO - Epoch finished. Average Loss: 0.0238
2025-09-27 08:54:35,875 - INFO - Epoch finished. Average Loss: 0.0239
2025-09-27 09:07:02,470 - INFO - Epoch finished. Average Loss: 0.0238
2025-09-27 09:19:26,180 - INFO - Epoch finished. Average Loss: 0.0238
2025-09-27 09:31:48,680 - INFO - Epoch finished. Average Loss: 0.0238
2025-09-27 09:44:11,148 - INFO - Epoch finished. Average Loss: 0.0238
2025-09-27 09:56:37,441 - INFO - Epoch finished. Average Loss: 0.0239
2025-09-27 10:08:59,068 - INFO - Epoch finished. Average Loss: 0.0238
2025-09-27 10:21:23,365 - INFO - Epoch finished. Average Loss: 0.0238
2025-09-27 10:33:48,123 - INFO - Epoch finished. Average Loss: 0.0237
2025-09-27 10:46:09,880 - INFO - Epoch finished. Average Loss: 0.0238
2025-09-27 10:58:31,824 - INFO - Epoch finished. Average Loss: 0.0238
2025-09-27 11:10:54,463 - INFO - Epoch finished. Average Loss: 0.0238
2025-09-27 11:23:16,278 - INFO - Epoch finished. Average Loss: 0.0238
2025-09-27 11:35:40,214 - INFO - Epoch finished. Average Loss: 0.0238
2025-09-27 11:48:04,710 - INFO - Epoch finished. Average Loss: 0.0238
2025-09-27 12:00:31,495 - INFO - Epoch finished. Average Loss: 0.0238
2025-09-27 12:12:54,936 - INFO - Epoch finished. Average Loss: 0.0237
2025-09-27 12:25:17,733 - INFO - Epoch finished. Average Loss: 0.0238
2025-09-27 12:37:38,931 - INFO - Epoch finished. Average Loss: 0.0236
2025-09-27 12:50:05,197 - INFO - Epoch finished. Average Loss: 0.0238
2025-09-27 13:02:20,913 - INFO - Epoch finished. Average Loss: 0.0237
2025-09-27 13:14:36,134 - INFO - Epoch finished. Average Loss: 0.0237
2025-09-27 13:26:49,725 - INFO - Epoch finished. Average Loss: 0.0237
2025-09-27 13:39:04,639 - INFO - Epoch finished. Average Loss: 0.0237
2025-09-27 13:51:17,269 - INFO - Epoch finished. Average Loss: 0.0238
2025-09-27 14:03:30,852 - INFO - Epoch finished. Average Loss: 0.0237
2025-09-27 14:16:02,951 - INFO - Epoch finished. Average Loss: 0.0236
2025-09-27 14:28:18,271 - INFO - Epoch finished. Average Loss: 0.0237
2025-09-27 14:40:33,405 - INFO - Epoch finished. Average Loss: 0.0237
2025-09-27 14:52:47,960 - INFO - Epoch finished. Average Loss: 0.0238
2025-09-27 15:05:01,748 - INFO - Epoch finished. Average Loss: 0.0238
2025-09-27 15:17:12,428 - INFO - Epoch finished. Average Loss: 0.0237
2025-09-27 15:29:25,302 - INFO - Epoch finished. Average Loss: 0.0237
2025-09-27 15:41:35,843 - INFO - Epoch finished. Average Loss: 0.0237
2025-09-27 15:53:48,314 - INFO - Epoch finished. Average Loss: 0.0237
2025-09-27 16:06:06,951 - INFO - Epoch finished. Average Loss: 0.0237
2025-09-27 16:18:26,398 - INFO - Epoch finished. Average Loss: 0.0237
2025-09-27 16:30:45,161 - INFO - Epoch finished. Average Loss: 0.0236
2025-09-27 16:42:59,866 - INFO - Epoch finished. Average Loss: 0.0238
2025-09-27 16:55:19,378 - INFO - Epoch finished. Average Loss: 0.0236
2025-09-27 17:07:51,720 - INFO - Epoch finished. Average Loss: 0.0236
2025-09-27 17:20:23,906 - INFO - Epoch finished. Average Loss: 0.0236
2025-09-27 17:32:46,202 - INFO - Epoch finished. Average Loss: 0.0237
2025-09-27 17:45:14,190 - INFO - Epoch finished. Average Loss: 0.0237
2025-09-27 17:57:41,886 - INFO - Epoch finished. Average Loss: 0.0236
2025-09-27 18:10:06,116 - INFO - Epoch finished. Average Loss: 0.0237
2025-09-27 18:22:33,271 - INFO - Epoch finished. Average Loss: 0.0237
2025-09-27 18:34:57,860 - INFO - Epoch finished. Average Loss: 0.0238
2025-09-27 18:47:21,925 - INFO - Epoch finished. Average Loss: 0.0237
2025-09-27 18:59:45,170 - INFO - Epoch finished. Average Loss: 0.0237
2025-09-27 19:12:12,575 - INFO - Epoch finished. Average Loss: 0.0237
2025-09-27 19:24:38,639 - INFO - Epoch finished. Average Loss: 0.0237
2025-09-27 19:37:08,554 - INFO - Epoch finished. Average Loss: 0.0236
2025-09-27 19:49:33,350 - INFO - Epoch finished. Average Loss: 0.0236
2025-09-27 20:01:58,445 - INFO - Epoch finished. Average Loss: 0.0236
2025-09-27 20:14:17,018 - INFO - Epoch finished. Average Loss: 0.0236
2025-09-27 20:26:37,639 - INFO - Epoch finished. Average Loss: 0.0235
2025-09-27 20:38:49,622 - INFO - Epoch finished. Average Loss: 0.0237
2025-09-27 20:51:05,403 - INFO - Epoch finished. Average Loss: 0.0236
2025-09-27 21:03:22,443 - INFO - Epoch finished. Average Loss: 0.0237
2025-09-27 21:15:38,017 - INFO - Epoch finished. Average Loss: 0.0237
2025-09-27 21:27:52,589 - INFO - Epoch finished. Average Loss: 0.0237
2025-09-27 21:40:11,486 - INFO - Epoch finished. Average Loss: 0.0236
2025-09-27 21:52:30,796 - INFO - Epoch finished. Average Loss: 0.0236
2025-09-27 22:04:43,248 - INFO - Epoch finished. Average Loss: 0.0237
2025-09-27 22:16:58,098 - INFO - Epoch finished. Average Loss: 0.0236
2025-09-27 22:29:13,189 - INFO - Epoch finished. Average Loss: 0.0235
2025-09-27 22:41:40,511 - INFO - Epoch finished. Average Loss: 0.0237
2025-09-27 22:53:58,415 - INFO - Epoch finished. Average Loss: 0.0235
2025-09-27 23:06:16,160 - INFO - Epoch finished. Average Loss: 0.0236
2025-09-27 23:18:32,381 - INFO - Epoch finished. Average Loss: 0.0236
2025-09-27 23:30:48,303 - INFO - Epoch finished. Average Loss: 0.0236
2025-09-27 23:43:00,025 - INFO - Epoch finished. Average Loss: 0.0237
2025-09-27 23:55:16,185 - INFO - Epoch finished. Average Loss: 0.0235
2025-09-28 00:07:31,288 - INFO - Epoch finished. Average Loss: 0.0236
2025-09-28 00:19:48,084 - INFO - Epoch finished. Average Loss: 0.0238
2025-09-28 00:32:07,415 - INFO - Epoch finished. Average Loss: 0.0236
2025-09-28 00:44:24,301 - INFO - Epoch finished. Average Loss: 0.0235
2025-09-28 00:56:42,319 - INFO - Epoch finished. Average Loss: 0.0236
2025-09-28 01:09:07,905 - INFO - Epoch finished. Average Loss: 0.0235
2025-09-28 01:21:38,098 - INFO - Epoch finished. Average Loss: 0.0236
2025-09-28 01:33:59,244 - INFO - Epoch finished. Average Loss: 0.0235
2025-09-28 01:46:20,548 - INFO - Epoch finished. Average Loss: 0.0236
2025-09-28 01:58:37,101 - INFO - Epoch finished. Average Loss: 0.0236
2025-09-28 02:10:53,506 - INFO - Epoch finished. Average Loss: 0.0237
2025-09-28 02:23:14,705 - INFO - Epoch finished. Average Loss: 0.0237
2025-09-28 02:35:36,014 - INFO - Epoch finished. Average Loss: 0.0236
2025-09-28 02:47:52,943 - INFO - Epoch finished. Average Loss: 0.0236
2025-09-28 03:00:11,590 - INFO - Epoch finished. Average Loss: 0.0236
2025-09-28 03:12:28,833 - INFO - Epoch finished. Average Loss: 0.0237
2025-09-28 03:24:46,426 - INFO - Epoch finished. Average Loss: 0.0236
2025-09-28 03:37:06,762 - INFO - Epoch finished. Average Loss: 0.0236
2025-09-28 03:49:23,986 - INFO - Epoch finished. Average Loss: 0.0236
2025-09-28 04:01:44,314 - INFO - Epoch finished. Average Loss: 0.0238
2025-09-28 04:14:07,109 - INFO - Epoch finished. Average Loss: 0.0236
2025-09-28 04:26:38,006 - INFO - Epoch finished. Average Loss: 0.0236
2025-09-28 04:39:06,524 - INFO - Epoch finished. Average Loss: 0.0237
2025-09-28 04:51:24,966 - INFO - Epoch finished. Average Loss: 0.0236
2025-09-28 05:03:49,182 - INFO - Epoch finished. Average Loss: 0.0236
2025-09-28 05:16:15,191 - INFO - Epoch finished. Average Loss: 0.0235
2025-09-28 05:28:39,196 - INFO - Epoch finished. Average Loss: 0.0235
2025-09-28 05:41:06,578 - INFO - Epoch finished. Average Loss: 0.0236
2025-09-28 05:53:31,666 - INFO - Epoch finished. Average Loss: 0.0237
2025-09-28 06:05:56,847 - INFO - Epoch finished. Average Loss: 0.0236
2025-09-28 06:18:23,077 - INFO - Epoch finished. Average Loss: 0.0236
2025-09-28 06:18:23,078 - INFO - Early Stopping implemeneted for simclr at 976 epoch.
2025-09-28 06:18:23,079 - INFO - ============================================================
2025-09-28 06:18:23,079 - INFO - Training for simclr completed.
2025-09-28 06:18:23,079 - INFO - ============================================================
2025-09-28 06:18:23,079 - INFO - Pre-training finished.
2025-09-28 06:18:28,391 - INFO - Final model saved to /media/mlr-lab/325C37DE7879ABF2/SSL_Tanishk/checkpoints/simclr_(19-09-2025)
2025-09-28 06:18:28,392 - INFO - --- Starting Evaluations on Frozen Encoder ---
2025-09-28 06:26:31,518 - INFO - [RESULT] k-NN Accuracy: 54.92%
2025-09-28 09:05:15,731 - INFO - [RESULT] Linear Probe Accuracy: 60.22%
2025-09-28 09:05:15,732 - INFO - --- Generating Visualizations ---
2025-09-29 17:15:46,946 - INFO - SSL Implementation for simclr completed.
