2025-09-15 12:03:38,856 - INFO - Using device: cuda:0
2025-09-15 12:03:38,857 - INFO - Running experiment with config: {'model_name': 'mae', 'epochs': 600, 'batch_size': 256}
2025-09-15 12:03:39,575 - INFO - Loaded 130000 labeled training images and 5000 validation images.
2025-09-15 12:03:41,862 - INFO - Initialized mae model.
2025-09-15 12:03:41,970 - INFO - Pre-training will run for 225600 total steps.
2025-09-15 12:03:41,973 - INFO - Starting pre-training for mae...
2025-09-15 12:03:41,973 - INFO - ============================================================
2025-09-15 12:03:41,973 - INFO - Training for mae started for 600 epochs.
2025-09-15 12:03:41,974 - INFO - ============================================================
2025-09-15 12:12:44,652 - INFO - Epoch finished. Average Loss: 0.0529
2025-09-15 12:21:44,229 - INFO - Epoch finished. Average Loss: 0.0428
2025-09-15 12:30:41,575 - INFO - Epoch finished. Average Loss: 0.0350
2025-09-15 12:39:38,892 - INFO - Epoch finished. Average Loss: 0.0256
2025-09-15 12:48:35,965 - INFO - Epoch finished. Average Loss: 0.0226
2025-09-15 12:57:33,830 - INFO - Epoch finished. Average Loss: 0.0206
2025-09-15 13:06:31,538 - INFO - Epoch finished. Average Loss: 0.0193
2025-09-15 13:15:32,720 - INFO - Epoch finished. Average Loss: 0.0185
2025-09-15 13:24:30,455 - INFO - Epoch finished. Average Loss: 0.0179
2025-09-15 13:33:28,968 - INFO - Epoch finished. Average Loss: 0.0175
2025-09-15 13:42:27,050 - INFO - Epoch finished. Average Loss: 0.0172
2025-09-15 13:51:24,961 - INFO - Epoch finished. Average Loss: 0.0168
2025-09-15 14:00:23,179 - INFO - Epoch finished. Average Loss: 0.0165
2025-09-15 14:09:21,211 - INFO - Epoch finished. Average Loss: 0.0163
2025-09-15 14:18:19,353 - INFO - Epoch finished. Average Loss: 0.0161
2025-09-15 14:27:17,355 - INFO - Epoch finished. Average Loss: 0.0159
2025-09-15 14:36:15,055 - INFO - Epoch finished. Average Loss: 0.0158
2025-09-15 14:45:14,441 - INFO - Epoch finished. Average Loss: 0.0157
2025-09-15 14:54:12,371 - INFO - Epoch finished. Average Loss: 0.0155
2025-09-15 15:03:09,966 - INFO - Epoch finished. Average Loss: 0.0154
2025-09-15 15:12:07,575 - INFO - Epoch finished. Average Loss: 0.0153
2025-09-15 15:21:05,490 - INFO - Epoch finished. Average Loss: 0.0153
2025-09-15 15:30:03,569 - INFO - Epoch finished. Average Loss: 0.0152
2025-09-15 15:39:01,547 - INFO - Epoch finished. Average Loss: 0.0151
2025-09-15 15:47:59,316 - INFO - Epoch finished. Average Loss: 0.0150
2025-09-15 15:56:57,267 - INFO - Epoch finished. Average Loss: 0.0150
2025-09-15 16:05:55,207 - INFO - Epoch finished. Average Loss: 0.0149
2025-09-15 16:14:53,009 - INFO - Epoch finished. Average Loss: 0.0148
2025-09-15 16:23:53,639 - INFO - Epoch finished. Average Loss: 0.0148
2025-09-15 16:32:51,573 - INFO - Epoch finished. Average Loss: 0.0147
2025-09-15 16:41:49,085 - INFO - Epoch finished. Average Loss: 0.0147
2025-09-15 16:50:46,915 - INFO - Epoch finished. Average Loss: 0.0146
2025-09-15 16:59:44,375 - INFO - Epoch finished. Average Loss: 0.0146
2025-09-15 17:08:42,007 - INFO - Epoch finished. Average Loss: 0.0145
2025-09-15 17:17:39,687 - INFO - Epoch finished. Average Loss: 0.0145
2025-09-15 17:26:37,249 - INFO - Epoch finished. Average Loss: 0.0145
2025-09-15 17:35:35,269 - INFO - Epoch finished. Average Loss: 0.0144
2025-09-15 17:44:32,997 - INFO - Epoch finished. Average Loss: 0.0144
2025-09-15 17:53:32,788 - INFO - Epoch finished. Average Loss: 0.0144
2025-09-15 18:02:30,766 - INFO - Epoch finished. Average Loss: 0.0143
2025-09-15 18:11:28,868 - INFO - Epoch finished. Average Loss: 0.0143
2025-09-15 18:20:26,414 - INFO - Epoch finished. Average Loss: 0.0142
2025-09-15 18:29:23,732 - INFO - Epoch finished. Average Loss: 0.0142
2025-09-15 18:38:21,437 - INFO - Epoch finished. Average Loss: 0.0142
2025-09-15 18:47:18,711 - INFO - Epoch finished. Average Loss: 0.0142
2025-09-15 18:56:16,076 - INFO - Epoch finished. Average Loss: 0.0141
2025-09-15 19:05:13,266 - INFO - Epoch finished. Average Loss: 0.0141
2025-09-15 19:14:10,468 - INFO - Epoch finished. Average Loss: 0.0141
2025-09-15 19:23:07,454 - INFO - Epoch finished. Average Loss: 0.0140
2025-09-15 19:32:06,868 - INFO - Epoch finished. Average Loss: 0.0140
2025-09-15 19:41:03,908 - INFO - Epoch finished. Average Loss: 0.0140
2025-09-15 19:50:01,087 - INFO - Epoch finished. Average Loss: 0.0140
2025-09-15 19:58:57,937 - INFO - Epoch finished. Average Loss: 0.0139
2025-09-15 20:07:55,586 - INFO - Epoch finished. Average Loss: 0.0139
2025-09-15 20:16:52,672 - INFO - Epoch finished. Average Loss: 0.0139
2025-09-15 20:25:49,734 - INFO - Epoch finished. Average Loss: 0.0139
2025-09-15 20:34:47,380 - INFO - Epoch finished. Average Loss: 0.0139
2025-09-15 20:43:44,538 - INFO - Epoch finished. Average Loss: 0.0138
2025-09-15 20:52:41,765 - INFO - Epoch finished. Average Loss: 0.0138
2025-09-15 21:01:40,388 - INFO - Epoch finished. Average Loss: 0.0138
2025-09-15 21:10:38,180 - INFO - Epoch finished. Average Loss: 0.0138
2025-09-15 21:19:35,610 - INFO - Epoch finished. Average Loss: 0.0138
2025-09-15 21:28:32,909 - INFO - Epoch finished. Average Loss: 0.0137
2025-09-15 21:37:30,163 - INFO - Epoch finished. Average Loss: 0.0137
2025-09-15 21:46:27,668 - INFO - Epoch finished. Average Loss: 0.0137
2025-09-15 21:55:24,923 - INFO - Epoch finished. Average Loss: 0.0137
2025-09-15 22:04:22,071 - INFO - Epoch finished. Average Loss: 0.0137
2025-09-15 22:13:19,486 - INFO - Epoch finished. Average Loss: 0.0137
2025-09-15 22:22:17,164 - INFO - Epoch finished. Average Loss: 0.0136
2025-09-15 22:31:14,613 - INFO - Epoch finished. Average Loss: 0.0136
2025-09-15 22:40:14,570 - INFO - Epoch finished. Average Loss: 0.0136
2025-09-15 22:49:11,680 - INFO - Epoch finished. Average Loss: 0.0136
2025-09-15 22:58:08,878 - INFO - Epoch finished. Average Loss: 0.0136
2025-09-15 23:07:06,011 - INFO - Epoch finished. Average Loss: 0.0136
2025-09-15 23:16:03,034 - INFO - Epoch finished. Average Loss: 0.0135
2025-09-15 23:25:00,244 - INFO - Epoch finished. Average Loss: 0.0135
2025-09-15 23:33:57,467 - INFO - Epoch finished. Average Loss: 0.0135
2025-09-15 23:42:54,704 - INFO - Epoch finished. Average Loss: 0.0135
2025-09-15 23:51:52,017 - INFO - Epoch finished. Average Loss: 0.0135
2025-09-16 00:00:49,455 - INFO - Epoch finished. Average Loss: 0.0135
2025-09-16 00:09:48,968 - INFO - Epoch finished. Average Loss: 0.0135
2025-09-16 00:18:45,962 - INFO - Epoch finished. Average Loss: 0.0135
2025-09-16 00:27:43,171 - INFO - Epoch finished. Average Loss: 0.0135
2025-09-16 00:36:40,595 - INFO - Epoch finished. Average Loss: 0.0134
2025-09-16 00:45:38,157 - INFO - Epoch finished. Average Loss: 0.0134
2025-09-16 00:54:35,492 - INFO - Epoch finished. Average Loss: 0.0134
2025-09-16 01:03:32,844 - INFO - Epoch finished. Average Loss: 0.0134
2025-09-16 01:12:29,645 - INFO - Epoch finished. Average Loss: 0.0134
2025-09-16 01:21:26,937 - INFO - Epoch finished. Average Loss: 0.0134
2025-09-16 01:30:24,461 - INFO - Epoch finished. Average Loss: 0.0134
2025-09-16 01:39:22,902 - INFO - Epoch finished. Average Loss: 0.0134
2025-09-16 01:48:21,237 - INFO - Epoch finished. Average Loss: 0.0134
2025-09-16 01:57:18,876 - INFO - Epoch finished. Average Loss: 0.0133
2025-09-16 02:06:16,249 - INFO - Epoch finished. Average Loss: 0.0133
2025-09-16 02:15:13,796 - INFO - Epoch finished. Average Loss: 0.0133
2025-09-16 02:24:11,237 - INFO - Epoch finished. Average Loss: 0.0133
2025-09-16 02:33:08,841 - INFO - Epoch finished. Average Loss: 0.0133
2025-09-16 02:42:06,335 - INFO - Epoch finished. Average Loss: 0.0133
2025-09-16 02:51:03,756 - INFO - Epoch finished. Average Loss: 0.0133
2025-09-16 03:00:01,195 - INFO - Epoch finished. Average Loss: 0.0133
2025-09-16 03:08:58,750 - INFO - Epoch finished. Average Loss: 0.0133
2025-09-16 03:17:58,123 - INFO - Epoch finished. Average Loss: 0.0132
2025-09-16 03:26:55,290 - INFO - Epoch finished. Average Loss: 0.0133
2025-09-16 03:35:52,686 - INFO - Epoch finished. Average Loss: 0.0132
2025-09-16 03:44:50,043 - INFO - Epoch finished. Average Loss: 0.0132
2025-09-16 03:53:47,152 - INFO - Epoch finished. Average Loss: 0.0132
2025-09-16 04:02:44,652 - INFO - Epoch finished. Average Loss: 0.0132
2025-09-16 04:11:42,134 - INFO - Epoch finished. Average Loss: 0.0132
2025-09-16 04:20:39,328 - INFO - Epoch finished. Average Loss: 0.0132
2025-09-16 04:29:36,834 - INFO - Epoch finished. Average Loss: 0.0132
2025-09-16 04:38:34,385 - INFO - Epoch finished. Average Loss: 0.0132
2025-09-16 04:47:33,915 - INFO - Epoch finished. Average Loss: 0.0132
2025-09-16 04:56:31,289 - INFO - Epoch finished. Average Loss: 0.0132
2025-09-16 05:05:28,933 - INFO - Epoch finished. Average Loss: 0.0132
2025-09-16 05:14:26,373 - INFO - Epoch finished. Average Loss: 0.0132
2025-09-16 05:23:23,705 - INFO - Epoch finished. Average Loss: 0.0131
2025-09-16 05:32:20,955 - INFO - Epoch finished. Average Loss: 0.0131
2025-09-16 05:41:18,419 - INFO - Epoch finished. Average Loss: 0.0131
2025-09-16 05:50:15,790 - INFO - Epoch finished. Average Loss: 0.0131
2025-09-16 05:59:12,956 - INFO - Epoch finished. Average Loss: 0.0131
2025-09-16 06:08:10,457 - INFO - Epoch finished. Average Loss: 0.0131
2025-09-16 06:17:09,703 - INFO - Epoch finished. Average Loss: 0.0131
2025-09-16 06:26:06,942 - INFO - Epoch finished. Average Loss: 0.0131
2025-09-16 06:35:03,996 - INFO - Epoch finished. Average Loss: 0.0131
2025-09-16 06:44:01,095 - INFO - Epoch finished. Average Loss: 0.0131
2025-09-16 06:52:58,276 - INFO - Epoch finished. Average Loss: 0.0131
2025-09-16 07:01:55,357 - INFO - Epoch finished. Average Loss: 0.0131
2025-09-16 07:10:52,590 - INFO - Epoch finished. Average Loss: 0.0130
2025-09-16 07:19:49,629 - INFO - Epoch finished. Average Loss: 0.0130
2025-09-16 07:28:46,357 - INFO - Epoch finished. Average Loss: 0.0130
2025-09-16 07:37:43,739 - INFO - Epoch finished. Average Loss: 0.0130
2025-09-16 07:46:42,809 - INFO - Epoch finished. Average Loss: 0.0130
2025-09-16 07:55:39,549 - INFO - Epoch finished. Average Loss: 0.0130
2025-09-16 08:04:36,579 - INFO - Epoch finished. Average Loss: 0.0130
2025-09-16 08:13:33,534 - INFO - Epoch finished. Average Loss: 0.0130
2025-09-16 08:22:30,579 - INFO - Epoch finished. Average Loss: 0.0130
2025-09-16 08:31:27,600 - INFO - Epoch finished. Average Loss: 0.0130
2025-09-16 08:40:24,586 - INFO - Epoch finished. Average Loss: 0.0130
2025-09-16 08:49:21,059 - INFO - Epoch finished. Average Loss: 0.0130
2025-09-16 08:58:17,637 - INFO - Epoch finished. Average Loss: 0.0130
2025-09-16 09:07:14,197 - INFO - Epoch finished. Average Loss: 0.0130
2025-09-16 09:16:12,778 - INFO - Epoch finished. Average Loss: 0.0130
2025-09-16 09:25:08,669 - INFO - Epoch finished. Average Loss: 0.0130
2025-09-16 09:34:04,860 - INFO - Epoch finished. Average Loss: 0.0129
2025-09-16 09:43:00,933 - INFO - Epoch finished. Average Loss: 0.0130
2025-09-16 09:51:57,171 - INFO - Epoch finished. Average Loss: 0.0129
2025-09-16 10:00:53,611 - INFO - Epoch finished. Average Loss: 0.0129
2025-09-16 10:09:49,889 - INFO - Epoch finished. Average Loss: 0.0129
2025-09-16 10:18:46,108 - INFO - Epoch finished. Average Loss: 0.0129
2025-09-16 10:27:43,628 - INFO - Epoch finished. Average Loss: 0.0129
2025-09-16 10:36:40,039 - INFO - Epoch finished. Average Loss: 0.0129
2025-09-16 10:45:38,450 - INFO - Epoch finished. Average Loss: 0.0129
2025-09-16 10:54:34,530 - INFO - Epoch finished. Average Loss: 0.0129
2025-09-16 11:03:30,924 - INFO - Epoch finished. Average Loss: 0.0129
2025-09-16 11:12:27,380 - INFO - Epoch finished. Average Loss: 0.0129
2025-09-16 11:21:24,069 - INFO - Epoch finished. Average Loss: 0.0129
2025-09-16 11:30:20,457 - INFO - Epoch finished. Average Loss: 0.0129
2025-09-16 11:39:17,320 - INFO - Epoch finished. Average Loss: 0.0129
2025-09-16 11:48:14,417 - INFO - Epoch finished. Average Loss: 0.0129
2025-09-16 11:57:11,414 - INFO - Epoch finished. Average Loss: 0.0129
2025-09-16 12:06:08,770 - INFO - Epoch finished. Average Loss: 0.0129
2025-09-16 12:15:07,381 - INFO - Epoch finished. Average Loss: 0.0129
2025-09-16 12:24:04,305 - INFO - Epoch finished. Average Loss: 0.0129
2025-09-16 12:33:01,267 - INFO - Epoch finished. Average Loss: 0.0128
2025-09-16 12:41:58,530 - INFO - Epoch finished. Average Loss: 0.0128
2025-09-16 12:50:55,637 - INFO - Epoch finished. Average Loss: 0.0128
2025-09-16 12:59:52,974 - INFO - Epoch finished. Average Loss: 0.0128
2025-09-16 13:08:50,473 - INFO - Epoch finished. Average Loss: 0.0128
2025-09-16 13:17:48,118 - INFO - Epoch finished. Average Loss: 0.0128
2025-09-16 13:26:45,640 - INFO - Epoch finished. Average Loss: 0.0128
2025-09-16 13:35:43,958 - INFO - Epoch finished. Average Loss: 0.0128
2025-09-16 13:44:41,941 - INFO - Epoch finished. Average Loss: 0.0128
2025-09-16 13:53:38,827 - INFO - Epoch finished. Average Loss: 0.0128
2025-09-16 14:02:35,543 - INFO - Epoch finished. Average Loss: 0.0128
2025-09-16 14:11:32,644 - INFO - Epoch finished. Average Loss: 0.0128
2025-09-16 14:20:29,790 - INFO - Epoch finished. Average Loss: 0.0128
2025-09-16 14:29:27,093 - INFO - Epoch finished. Average Loss: 0.0128
2025-09-16 14:38:23,877 - INFO - Epoch finished. Average Loss: 0.0128
2025-09-16 14:47:20,834 - INFO - Epoch finished. Average Loss: 0.0128
2025-09-16 14:56:17,703 - INFO - Epoch finished. Average Loss: 0.0128
2025-09-16 15:05:16,363 - INFO - Epoch finished. Average Loss: 0.0128
2025-09-16 15:14:13,255 - INFO - Epoch finished. Average Loss: 0.0128
2025-09-16 15:23:09,967 - INFO - Epoch finished. Average Loss: 0.0128
2025-09-16 15:32:07,514 - INFO - Epoch finished. Average Loss: 0.0127
2025-09-16 15:41:04,569 - INFO - Epoch finished. Average Loss: 0.0128
2025-09-16 15:50:01,481 - INFO - Epoch finished. Average Loss: 0.0128
2025-09-16 15:58:58,120 - INFO - Epoch finished. Average Loss: 0.0128
2025-09-16 16:07:54,724 - INFO - Epoch finished. Average Loss: 0.0127
2025-09-16 16:16:51,201 - INFO - Epoch finished. Average Loss: 0.0128
2025-09-16 16:25:48,021 - INFO - Epoch finished. Average Loss: 0.0127
2025-09-16 16:34:46,698 - INFO - Epoch finished. Average Loss: 0.0127
2025-09-16 16:43:42,895 - INFO - Epoch finished. Average Loss: 0.0127
2025-09-16 16:52:39,468 - INFO - Epoch finished. Average Loss: 0.0127
2025-09-16 17:01:37,813 - INFO - Epoch finished. Average Loss: 0.0127
2025-09-16 17:10:37,397 - INFO - Epoch finished. Average Loss: 0.0127
2025-09-16 17:19:51,608 - INFO - Epoch finished. Average Loss: 0.0127
2025-09-16 17:31:30,775 - INFO - Epoch finished. Average Loss: 0.0127
2025-09-16 17:40:30,564 - INFO - Epoch finished. Average Loss: 0.0127
2025-09-16 17:49:37,797 - INFO - Epoch finished. Average Loss: 0.0127
2025-09-16 17:58:46,114 - INFO - Epoch finished. Average Loss: 0.0127
2025-09-16 18:07:52,544 - INFO - Epoch finished. Average Loss: 0.0127
2025-09-16 18:17:05,134 - INFO - Epoch finished. Average Loss: 0.0127
2025-09-16 18:25:58,975 - INFO - Epoch finished. Average Loss: 0.0127
2025-09-16 18:34:52,680 - INFO - Epoch finished. Average Loss: 0.0127
2025-09-16 18:43:52,882 - INFO - Epoch finished. Average Loss: 0.0127
2025-09-16 18:52:46,493 - INFO - Epoch finished. Average Loss: 0.0127
2025-09-16 19:01:39,949 - INFO - Epoch finished. Average Loss: 0.0127
2025-09-16 19:10:33,149 - INFO - Epoch finished. Average Loss: 0.0126
2025-09-16 19:19:26,589 - INFO - Epoch finished. Average Loss: 0.0127
2025-09-16 19:28:20,204 - INFO - Epoch finished. Average Loss: 0.0127
2025-09-16 19:37:13,791 - INFO - Epoch finished. Average Loss: 0.0126
2025-09-16 19:46:07,482 - INFO - Epoch finished. Average Loss: 0.0126
2025-09-16 19:55:01,188 - INFO - Epoch finished. Average Loss: 0.0126
2025-09-16 20:03:54,832 - INFO - Epoch finished. Average Loss: 0.0126
2025-09-16 20:12:48,292 - INFO - Epoch finished. Average Loss: 0.0126
2025-09-16 20:21:41,589 - INFO - Epoch finished. Average Loss: 0.0126
2025-09-16 20:30:35,050 - INFO - Epoch finished. Average Loss: 0.0126
2025-09-16 20:39:28,309 - INFO - Epoch finished. Average Loss: 0.0126
2025-09-16 20:48:21,493 - INFO - Epoch finished. Average Loss: 0.0126
2025-09-16 20:57:15,116 - INFO - Epoch finished. Average Loss: 0.0126
2025-09-16 21:06:08,723 - INFO - Epoch finished. Average Loss: 0.0126
2025-09-16 21:15:02,298 - INFO - Epoch finished. Average Loss: 0.0126
2025-09-16 21:23:55,802 - INFO - Epoch finished. Average Loss: 0.0126
2025-09-16 21:32:49,664 - INFO - Epoch finished. Average Loss: 0.0126
2025-09-16 21:41:43,160 - INFO - Epoch finished. Average Loss: 0.0126
2025-09-16 21:50:36,787 - INFO - Epoch finished. Average Loss: 0.0126
2025-09-16 21:59:30,237 - INFO - Epoch finished. Average Loss: 0.0126
2025-09-16 22:08:23,797 - INFO - Epoch finished. Average Loss: 0.0126
2025-09-16 22:17:17,593 - INFO - Epoch finished. Average Loss: 0.0126
2025-09-16 22:26:11,194 - INFO - Epoch finished. Average Loss: 0.0125
2025-09-16 22:35:04,408 - INFO - Epoch finished. Average Loss: 0.0126
2025-09-16 22:43:57,884 - INFO - Epoch finished. Average Loss: 0.0126
2025-09-16 22:52:51,379 - INFO - Epoch finished. Average Loss: 0.0126
2025-09-16 23:01:44,739 - INFO - Epoch finished. Average Loss: 0.0126
2025-09-16 23:10:38,505 - INFO - Epoch finished. Average Loss: 0.0125
2025-09-16 23:19:31,948 - INFO - Epoch finished. Average Loss: 0.0125
2025-09-16 23:28:25,426 - INFO - Epoch finished. Average Loss: 0.0125
2025-09-16 23:37:18,952 - INFO - Epoch finished. Average Loss: 0.0125
2025-09-16 23:46:12,260 - INFO - Epoch finished. Average Loss: 0.0125
2025-09-16 23:55:05,779 - INFO - Epoch finished. Average Loss: 0.0125
2025-09-17 00:03:59,206 - INFO - Epoch finished. Average Loss: 0.0125
2025-09-17 00:12:52,849 - INFO - Epoch finished. Average Loss: 0.0125
2025-09-17 00:21:46,741 - INFO - Epoch finished. Average Loss: 0.0125
2025-09-17 00:30:40,698 - INFO - Epoch finished. Average Loss: 0.0125
2025-09-17 00:39:34,418 - INFO - Epoch finished. Average Loss: 0.0125
2025-09-17 00:48:28,285 - INFO - Epoch finished. Average Loss: 0.0125
2025-09-17 00:57:22,193 - INFO - Epoch finished. Average Loss: 0.0125
2025-09-17 01:06:16,016 - INFO - Epoch finished. Average Loss: 0.0125
2025-09-17 01:15:09,607 - INFO - Epoch finished. Average Loss: 0.0125
2025-09-17 01:24:03,203 - INFO - Epoch finished. Average Loss: 0.0125
2025-09-17 01:32:56,794 - INFO - Epoch finished. Average Loss: 0.0125
2025-09-17 01:41:50,553 - INFO - Epoch finished. Average Loss: 0.0125
2025-09-17 01:50:44,217 - INFO - Epoch finished. Average Loss: 0.0125
2025-09-17 01:59:37,996 - INFO - Epoch finished. Average Loss: 0.0125
2025-09-17 02:08:32,002 - INFO - Epoch finished. Average Loss: 0.0125
2025-09-17 02:17:25,930 - INFO - Epoch finished. Average Loss: 0.0125
2025-09-17 02:26:19,976 - INFO - Epoch finished. Average Loss: 0.0125
2025-09-17 02:35:14,201 - INFO - Epoch finished. Average Loss: 0.0125
2025-09-17 02:44:08,274 - INFO - Epoch finished. Average Loss: 0.0125
2025-09-17 02:53:02,250 - INFO - Epoch finished. Average Loss: 0.0125
2025-09-17 03:01:56,518 - INFO - Epoch finished. Average Loss: 0.0124
2025-09-17 03:10:50,755 - INFO - Epoch finished. Average Loss: 0.0125
2025-09-17 03:19:44,827 - INFO - Epoch finished. Average Loss: 0.0124
2025-09-17 03:28:38,838 - INFO - Epoch finished. Average Loss: 0.0125
2025-09-17 03:37:32,973 - INFO - Epoch finished. Average Loss: 0.0124
2025-09-17 03:46:27,137 - INFO - Epoch finished. Average Loss: 0.0124
2025-09-17 03:55:21,119 - INFO - Epoch finished. Average Loss: 0.0125
2025-09-17 04:04:15,075 - INFO - Epoch finished. Average Loss: 0.0124
2025-09-17 04:13:09,343 - INFO - Epoch finished. Average Loss: 0.0124
2025-09-17 04:22:03,347 - INFO - Epoch finished. Average Loss: 0.0124
2025-09-17 04:30:57,611 - INFO - Epoch finished. Average Loss: 0.0124
2025-09-17 04:39:51,893 - INFO - Epoch finished. Average Loss: 0.0124
2025-09-17 04:48:45,752 - INFO - Epoch finished. Average Loss: 0.0124
2025-09-17 04:57:39,973 - INFO - Epoch finished. Average Loss: 0.0124
2025-09-17 05:06:34,258 - INFO - Epoch finished. Average Loss: 0.0124
2025-09-17 05:15:28,144 - INFO - Epoch finished. Average Loss: 0.0124
2025-09-17 05:24:22,261 - INFO - Epoch finished. Average Loss: 0.0124
2025-09-17 05:33:16,774 - INFO - Epoch finished. Average Loss: 0.0124
2025-09-17 05:42:10,576 - INFO - Epoch finished. Average Loss: 0.0124
2025-09-17 05:51:04,774 - INFO - Epoch finished. Average Loss: 0.0124
2025-09-17 05:59:58,900 - INFO - Epoch finished. Average Loss: 0.0124
2025-09-17 06:08:53,047 - INFO - Epoch finished. Average Loss: 0.0124
2025-09-17 06:17:47,544 - INFO - Epoch finished. Average Loss: 0.0124
2025-09-17 06:26:41,800 - INFO - Epoch finished. Average Loss: 0.0124
2025-09-17 06:35:36,036 - INFO - Epoch finished. Average Loss: 0.0124
2025-09-17 06:44:30,224 - INFO - Epoch finished. Average Loss: 0.0124
2025-09-17 06:53:24,603 - INFO - Epoch finished. Average Loss: 0.0124
2025-09-17 07:02:18,995 - INFO - Epoch finished. Average Loss: 0.0124
2025-09-17 07:11:13,006 - INFO - Epoch finished. Average Loss: 0.0124
2025-09-17 07:20:07,106 - INFO - Epoch finished. Average Loss: 0.0124
2025-09-17 07:29:01,277 - INFO - Epoch finished. Average Loss: 0.0124
2025-09-17 07:37:55,409 - INFO - Epoch finished. Average Loss: 0.0123
2025-09-17 07:46:49,921 - INFO - Epoch finished. Average Loss: 0.0124
2025-09-17 07:55:44,220 - INFO - Epoch finished. Average Loss: 0.0123
2025-09-17 08:04:38,630 - INFO - Epoch finished. Average Loss: 0.0123
2025-09-17 08:13:32,958 - INFO - Epoch finished. Average Loss: 0.0124
2025-09-17 08:22:27,371 - INFO - Epoch finished. Average Loss: 0.0124
2025-09-17 08:31:21,426 - INFO - Epoch finished. Average Loss: 0.0123
2025-09-17 08:40:15,790 - INFO - Epoch finished. Average Loss: 0.0123
2025-09-17 08:49:10,318 - INFO - Epoch finished. Average Loss: 0.0123
2025-09-17 08:58:05,977 - INFO - Epoch finished. Average Loss: 0.0123
2025-09-17 09:07:02,585 - INFO - Epoch finished. Average Loss: 0.0123
2025-09-17 09:15:59,130 - INFO - Epoch finished. Average Loss: 0.0123
2025-09-17 09:24:55,996 - INFO - Epoch finished. Average Loss: 0.0123
2025-09-17 09:33:52,869 - INFO - Epoch finished. Average Loss: 0.0123
2025-09-17 09:42:49,466 - INFO - Epoch finished. Average Loss: 0.0123
2025-09-17 09:51:45,617 - INFO - Epoch finished. Average Loss: 0.0123
2025-09-17 10:00:42,244 - INFO - Epoch finished. Average Loss: 0.0123
2025-09-17 10:09:38,771 - INFO - Epoch finished. Average Loss: 0.0123
2025-09-17 10:18:35,210 - INFO - Epoch finished. Average Loss: 0.0123
2025-09-17 10:27:31,506 - INFO - Epoch finished. Average Loss: 0.0123
2025-09-17 10:36:28,065 - INFO - Epoch finished. Average Loss: 0.0123
2025-09-17 10:45:24,718 - INFO - Epoch finished. Average Loss: 0.0123
2025-09-17 10:54:20,940 - INFO - Epoch finished. Average Loss: 0.0123
2025-09-17 11:03:17,192 - INFO - Epoch finished. Average Loss: 0.0123
2025-09-17 11:12:14,116 - INFO - Epoch finished. Average Loss: 0.0123
2025-09-17 11:21:11,151 - INFO - Epoch finished. Average Loss: 0.0123
2025-09-17 11:30:08,436 - INFO - Epoch finished. Average Loss: 0.0123
2025-09-17 11:39:05,550 - INFO - Epoch finished. Average Loss: 0.0123
2025-09-17 11:48:02,681 - INFO - Epoch finished. Average Loss: 0.0123
2025-09-17 11:56:59,658 - INFO - Epoch finished. Average Loss: 0.0123
2025-09-17 12:05:56,727 - INFO - Epoch finished. Average Loss: 0.0123
2025-09-17 12:14:53,829 - INFO - Epoch finished. Average Loss: 0.0122
2025-09-17 12:23:52,964 - INFO - Epoch finished. Average Loss: 0.0122
2025-09-17 12:32:50,027 - INFO - Epoch finished. Average Loss: 0.0122
2025-09-17 12:41:47,213 - INFO - Epoch finished. Average Loss: 0.0123
2025-09-17 12:50:44,561 - INFO - Epoch finished. Average Loss: 0.0122
2025-09-17 12:59:42,048 - INFO - Epoch finished. Average Loss: 0.0123
2025-09-17 13:08:40,259 - INFO - Epoch finished. Average Loss: 0.0123
2025-09-17 13:17:37,295 - INFO - Epoch finished. Average Loss: 0.0122
2025-09-17 13:26:34,090 - INFO - Epoch finished. Average Loss: 0.0122
2025-09-17 13:35:30,748 - INFO - Epoch finished. Average Loss: 0.0122
2025-09-17 13:44:27,698 - INFO - Epoch finished. Average Loss: 0.0122
2025-09-17 13:53:24,811 - INFO - Epoch finished. Average Loss: 0.0122
2025-09-17 14:02:21,424 - INFO - Epoch finished. Average Loss: 0.0122
2025-09-17 14:11:18,033 - INFO - Epoch finished. Average Loss: 0.0122
2025-09-17 14:20:14,780 - INFO - Epoch finished. Average Loss: 0.0122
2025-09-17 14:29:11,571 - INFO - Epoch finished. Average Loss: 0.0122
2025-09-17 14:38:07,986 - INFO - Epoch finished. Average Loss: 0.0122
2025-09-17 14:47:04,650 - INFO - Epoch finished. Average Loss: 0.0122
2025-09-17 14:56:01,736 - INFO - Epoch finished. Average Loss: 0.0122
2025-09-17 15:04:58,192 - INFO - Epoch finished. Average Loss: 0.0122
2025-09-17 15:13:54,534 - INFO - Epoch finished. Average Loss: 0.0122
2025-09-17 15:22:51,069 - INFO - Epoch finished. Average Loss: 0.0122
2025-09-17 15:31:47,441 - INFO - Epoch finished. Average Loss: 0.0122
2025-09-17 15:40:44,037 - INFO - Epoch finished. Average Loss: 0.0122
2025-09-17 15:49:40,360 - INFO - Epoch finished. Average Loss: 0.0122
2025-09-17 15:58:36,673 - INFO - Epoch finished. Average Loss: 0.0122
2025-09-17 16:07:32,860 - INFO - Epoch finished. Average Loss: 0.0122
2025-09-17 16:16:29,050 - INFO - Epoch finished. Average Loss: 0.0122
2025-09-17 16:25:25,420 - INFO - Epoch finished. Average Loss: 0.0122
2025-09-17 16:34:21,839 - INFO - Epoch finished. Average Loss: 0.0122
2025-09-17 16:43:17,670 - INFO - Epoch finished. Average Loss: 0.0122
2025-09-17 16:52:13,471 - INFO - Epoch finished. Average Loss: 0.0122
2025-09-17 17:01:09,493 - INFO - Epoch finished. Average Loss: 0.0122
2025-09-17 17:10:05,430 - INFO - Epoch finished. Average Loss: 0.0122
2025-09-17 17:19:01,332 - INFO - Epoch finished. Average Loss: 0.0121
2025-09-17 17:27:57,376 - INFO - Epoch finished. Average Loss: 0.0122
2025-09-17 17:36:53,659 - INFO - Epoch finished. Average Loss: 0.0122
2025-09-17 17:45:49,784 - INFO - Epoch finished. Average Loss: 0.0122
2025-09-17 17:54:45,848 - INFO - Epoch finished. Average Loss: 0.0122
2025-09-17 18:03:41,928 - INFO - Epoch finished. Average Loss: 0.0122
2025-09-17 18:12:37,892 - INFO - Epoch finished. Average Loss: 0.0121
2025-09-17 18:21:33,838 - INFO - Epoch finished. Average Loss: 0.0121
2025-09-17 18:30:29,560 - INFO - Epoch finished. Average Loss: 0.0121
2025-09-17 18:39:25,295 - INFO - Epoch finished. Average Loss: 0.0121
2025-09-17 18:48:20,945 - INFO - Epoch finished. Average Loss: 0.0121
2025-09-17 18:57:16,466 - INFO - Epoch finished. Average Loss: 0.0121
2025-09-17 19:06:12,082 - INFO - Epoch finished. Average Loss: 0.0121
2025-09-17 19:15:07,404 - INFO - Epoch finished. Average Loss: 0.0121
2025-09-17 19:24:02,816 - INFO - Epoch finished. Average Loss: 0.0121
2025-09-17 19:32:58,205 - INFO - Epoch finished. Average Loss: 0.0121
2025-09-17 19:41:53,305 - INFO - Epoch finished. Average Loss: 0.0121
2025-09-17 19:50:48,427 - INFO - Epoch finished. Average Loss: 0.0121
2025-09-17 19:59:43,362 - INFO - Epoch finished. Average Loss: 0.0121
2025-09-17 20:08:38,099 - INFO - Epoch finished. Average Loss: 0.0121
2025-09-17 20:17:33,283 - INFO - Epoch finished. Average Loss: 0.0121
2025-09-17 20:26:28,241 - INFO - Epoch finished. Average Loss: 0.0121
2025-09-17 20:35:23,139 - INFO - Epoch finished. Average Loss: 0.0121
2025-09-17 20:44:17,585 - INFO - Epoch finished. Average Loss: 0.0121
2025-09-17 20:53:12,395 - INFO - Epoch finished. Average Loss: 0.0121
2025-09-17 21:02:07,160 - INFO - Epoch finished. Average Loss: 0.0121
2025-09-17 21:11:01,815 - INFO - Epoch finished. Average Loss: 0.0121
2025-09-17 21:19:56,607 - INFO - Epoch finished. Average Loss: 0.0121
2025-09-17 21:28:51,432 - INFO - Epoch finished. Average Loss: 0.0121
2025-09-17 21:37:46,330 - INFO - Epoch finished. Average Loss: 0.0121
2025-09-17 21:46:40,956 - INFO - Epoch finished. Average Loss: 0.0121
2025-09-17 21:55:35,496 - INFO - Epoch finished. Average Loss: 0.0121
2025-09-17 22:04:30,305 - INFO - Epoch finished. Average Loss: 0.0121
2025-09-17 22:13:24,823 - INFO - Epoch finished. Average Loss: 0.0121
2025-09-17 22:22:19,182 - INFO - Epoch finished. Average Loss: 0.0121
2025-09-17 22:31:13,704 - INFO - Epoch finished. Average Loss: 0.0121
2025-09-17 22:40:08,506 - INFO - Epoch finished. Average Loss: 0.0121
2025-09-17 22:49:03,296 - INFO - Epoch finished. Average Loss: 0.0120
2025-09-17 22:57:57,849 - INFO - Epoch finished. Average Loss: 0.0121
2025-09-17 23:06:52,542 - INFO - Epoch finished. Average Loss: 0.0121
2025-09-17 23:15:47,452 - INFO - Epoch finished. Average Loss: 0.0121
2025-09-17 23:24:42,185 - INFO - Epoch finished. Average Loss: 0.0121
2025-09-17 23:33:36,824 - INFO - Epoch finished. Average Loss: 0.0121
2025-09-17 23:42:31,513 - INFO - Epoch finished. Average Loss: 0.0120
2025-09-17 23:51:26,225 - INFO - Epoch finished. Average Loss: 0.0121
2025-09-18 00:00:21,097 - INFO - Epoch finished. Average Loss: 0.0120
2025-09-18 00:09:15,704 - INFO - Epoch finished. Average Loss: 0.0120
2025-09-18 00:18:10,374 - INFO - Epoch finished. Average Loss: 0.0121
2025-09-18 00:27:05,397 - INFO - Epoch finished. Average Loss: 0.0120
2025-09-18 00:36:00,340 - INFO - Epoch finished. Average Loss: 0.0120
2025-09-18 00:44:55,024 - INFO - Epoch finished. Average Loss: 0.0120
2025-09-18 00:53:49,884 - INFO - Epoch finished. Average Loss: 0.0120
2025-09-18 01:02:44,981 - INFO - Epoch finished. Average Loss: 0.0120
2025-09-18 01:11:40,161 - INFO - Epoch finished. Average Loss: 0.0120
2025-09-18 01:20:34,881 - INFO - Epoch finished. Average Loss: 0.0120
2025-09-18 01:29:29,911 - INFO - Epoch finished. Average Loss: 0.0120
2025-09-18 01:38:24,754 - INFO - Epoch finished. Average Loss: 0.0120
2025-09-18 01:47:19,471 - INFO - Epoch finished. Average Loss: 0.0120
2025-09-18 01:56:14,233 - INFO - Epoch finished. Average Loss: 0.0120
2025-09-18 02:05:09,190 - INFO - Epoch finished. Average Loss: 0.0120
2025-09-18 02:14:04,201 - INFO - Epoch finished. Average Loss: 0.0120
2025-09-18 02:22:59,002 - INFO - Epoch finished. Average Loss: 0.0120
2025-09-18 02:31:53,799 - INFO - Epoch finished. Average Loss: 0.0120
2025-09-18 02:40:48,452 - INFO - Epoch finished. Average Loss: 0.0120
2025-09-18 02:49:43,062 - INFO - Epoch finished. Average Loss: 0.0120
2025-09-18 02:58:37,823 - INFO - Epoch finished. Average Loss: 0.0120
2025-09-18 03:07:32,604 - INFO - Epoch finished. Average Loss: 0.0120
2025-09-18 03:16:27,270 - INFO - Epoch finished. Average Loss: 0.0120
2025-09-18 03:25:21,992 - INFO - Epoch finished. Average Loss: 0.0120
2025-09-18 03:34:16,480 - INFO - Epoch finished. Average Loss: 0.0120
2025-09-18 03:43:11,011 - INFO - Epoch finished. Average Loss: 0.0120
2025-09-18 03:52:05,965 - INFO - Epoch finished. Average Loss: 0.0120
2025-09-18 04:01:00,605 - INFO - Epoch finished. Average Loss: 0.0120
2025-09-18 04:09:55,021 - INFO - Epoch finished. Average Loss: 0.0120
2025-09-18 04:18:49,781 - INFO - Epoch finished. Average Loss: 0.0120
2025-09-18 04:27:44,241 - INFO - Epoch finished. Average Loss: 0.0120
2025-09-18 04:36:38,969 - INFO - Epoch finished. Average Loss: 0.0120
2025-09-18 04:45:33,990 - INFO - Epoch finished. Average Loss: 0.0120
2025-09-18 04:54:28,257 - INFO - Epoch finished. Average Loss: 0.0120
2025-09-18 05:03:22,582 - INFO - Epoch finished. Average Loss: 0.0120
2025-09-18 05:12:17,176 - INFO - Epoch finished. Average Loss: 0.0120
2025-09-18 05:21:11,533 - INFO - Epoch finished. Average Loss: 0.0120
2025-09-18 05:30:06,060 - INFO - Epoch finished. Average Loss: 0.0120
2025-09-18 05:39:00,550 - INFO - Epoch finished. Average Loss: 0.0119
2025-09-18 05:47:55,058 - INFO - Epoch finished. Average Loss: 0.0120
2025-09-18 05:56:49,554 - INFO - Epoch finished. Average Loss: 0.0120
2025-09-18 06:05:44,000 - INFO - Epoch finished. Average Loss: 0.0119
2025-09-18 06:14:38,652 - INFO - Epoch finished. Average Loss: 0.0120
2025-09-18 06:23:33,114 - INFO - Epoch finished. Average Loss: 0.0119
2025-09-18 06:32:27,505 - INFO - Epoch finished. Average Loss: 0.0119
2025-09-18 06:41:21,677 - INFO - Epoch finished. Average Loss: 0.0119
2025-09-18 06:50:16,056 - INFO - Epoch finished. Average Loss: 0.0119
2025-09-18 06:59:10,079 - INFO - Epoch finished. Average Loss: 0.0119
2025-09-18 07:08:04,201 - INFO - Epoch finished. Average Loss: 0.0119
2025-09-18 07:16:58,476 - INFO - Epoch finished. Average Loss: 0.0119
2025-09-18 07:25:52,510 - INFO - Epoch finished. Average Loss: 0.0119
2025-09-18 07:34:46,837 - INFO - Epoch finished. Average Loss: 0.0119
2025-09-18 07:43:41,580 - INFO - Epoch finished. Average Loss: 0.0119
2025-09-18 07:52:35,970 - INFO - Epoch finished. Average Loss: 0.0119
2025-09-18 08:01:30,511 - INFO - Epoch finished. Average Loss: 0.0119
2025-09-18 08:10:25,043 - INFO - Epoch finished. Average Loss: 0.0119
2025-09-18 08:19:19,732 - INFO - Epoch finished. Average Loss: 0.0119
2025-09-18 08:28:14,814 - INFO - Epoch finished. Average Loss: 0.0119
2025-09-18 08:37:09,480 - INFO - Epoch finished. Average Loss: 0.0119
2025-09-18 08:46:04,931 - INFO - Epoch finished. Average Loss: 0.0119
2025-09-18 08:55:01,557 - INFO - Epoch finished. Average Loss: 0.0119
2025-09-18 09:03:55,952 - INFO - Epoch finished. Average Loss: 0.0119
2025-09-18 09:12:50,559 - INFO - Epoch finished. Average Loss: 0.0119
2025-09-18 09:21:45,316 - INFO - Epoch finished. Average Loss: 0.0119
2025-09-18 09:30:39,943 - INFO - Epoch finished. Average Loss: 0.0119
2025-09-18 09:39:34,578 - INFO - Epoch finished. Average Loss: 0.0119
2025-09-18 09:48:29,517 - INFO - Epoch finished. Average Loss: 0.0119
2025-09-18 09:57:24,415 - INFO - Epoch finished. Average Loss: 0.0119
2025-09-18 10:06:19,010 - INFO - Epoch finished. Average Loss: 0.0119
2025-09-18 10:15:13,836 - INFO - Epoch finished. Average Loss: 0.0119
2025-09-18 10:24:08,812 - INFO - Epoch finished. Average Loss: 0.0119
2025-09-18 10:33:04,011 - INFO - Epoch finished. Average Loss: 0.0119
2025-09-18 10:41:59,223 - INFO - Epoch finished. Average Loss: 0.0119
2025-09-18 10:50:54,406 - INFO - Epoch finished. Average Loss: 0.0119
2025-09-18 10:59:49,318 - INFO - Epoch finished. Average Loss: 0.0119
2025-09-18 11:08:44,295 - INFO - Epoch finished. Average Loss: 0.0119
2025-09-18 11:17:39,534 - INFO - Epoch finished. Average Loss: 0.0119
2025-09-18 11:26:35,587 - INFO - Epoch finished. Average Loss: 0.0119
2025-09-18 11:35:31,090 - INFO - Epoch finished. Average Loss: 0.0119
2025-09-18 11:44:26,524 - INFO - Epoch finished. Average Loss: 0.0119
2025-09-18 11:53:21,446 - INFO - Epoch finished. Average Loss: 0.0119
2025-09-18 12:02:16,247 - INFO - Epoch finished. Average Loss: 0.0119
2025-09-18 12:11:11,078 - INFO - Epoch finished. Average Loss: 0.0119
2025-09-18 12:20:06,260 - INFO - Epoch finished. Average Loss: 0.0119
2025-09-18 12:29:01,522 - INFO - Epoch finished. Average Loss: 0.0119
2025-09-18 12:37:56,900 - INFO - Epoch finished. Average Loss: 0.0119
2025-09-18 12:46:52,156 - INFO - Epoch finished. Average Loss: 0.0119
2025-09-18 12:55:47,433 - INFO - Epoch finished. Average Loss: 0.0119
2025-09-18 13:04:42,730 - INFO - Epoch finished. Average Loss: 0.0119
2025-09-18 13:13:38,507 - INFO - Epoch finished. Average Loss: 0.0119
2025-09-18 13:22:34,251 - INFO - Epoch finished. Average Loss: 0.0119
2025-09-18 13:31:29,715 - INFO - Epoch finished. Average Loss: 0.0119
2025-09-18 13:40:25,179 - INFO - Epoch finished. Average Loss: 0.0119
2025-09-18 13:49:20,754 - INFO - Epoch finished. Average Loss: 0.0119
2025-09-18 13:58:16,551 - INFO - Epoch finished. Average Loss: 0.0119
2025-09-18 14:07:12,232 - INFO - Epoch finished. Average Loss: 0.0119
2025-09-18 14:16:08,106 - INFO - Epoch finished. Average Loss: 0.0119
2025-09-18 14:25:03,716 - INFO - Epoch finished. Average Loss: 0.0119
2025-09-18 14:33:59,097 - INFO - Epoch finished. Average Loss: 0.0119
2025-09-18 14:42:55,135 - INFO - Epoch finished. Average Loss: 0.0118
2025-09-18 14:51:51,271 - INFO - Epoch finished. Average Loss: 0.0118
2025-09-18 15:00:47,555 - INFO - Epoch finished. Average Loss: 0.0118
2025-09-18 15:09:43,739 - INFO - Epoch finished. Average Loss: 0.0118
2025-09-18 15:18:39,654 - INFO - Epoch finished. Average Loss: 0.0119
2025-09-18 15:27:35,851 - INFO - Epoch finished. Average Loss: 0.0118
2025-09-18 15:36:32,333 - INFO - Epoch finished. Average Loss: 0.0119
2025-09-18 15:45:28,037 - INFO - Epoch finished. Average Loss: 0.0118
2025-09-18 15:54:23,869 - INFO - Epoch finished. Average Loss: 0.0118
2025-09-18 16:03:19,855 - INFO - Epoch finished. Average Loss: 0.0118
2025-09-18 16:12:15,777 - INFO - Epoch finished. Average Loss: 0.0118
2025-09-18 16:21:11,604 - INFO - Epoch finished. Average Loss: 0.0118
2025-09-18 16:30:07,254 - INFO - Epoch finished. Average Loss: 0.0118
2025-09-18 16:39:02,633 - INFO - Epoch finished. Average Loss: 0.0118
2025-09-18 16:47:58,229 - INFO - Epoch finished. Average Loss: 0.0118
2025-09-18 16:56:53,980 - INFO - Epoch finished. Average Loss: 0.0118
2025-09-18 17:05:49,863 - INFO - Epoch finished. Average Loss: 0.0118
2025-09-18 17:14:45,598 - INFO - Epoch finished. Average Loss: 0.0118
2025-09-18 17:23:41,006 - INFO - Epoch finished. Average Loss: 0.0118
2025-09-18 17:32:36,314 - INFO - Epoch finished. Average Loss: 0.0118
2025-09-18 17:41:31,730 - INFO - Epoch finished. Average Loss: 0.0118
2025-09-18 17:50:27,164 - INFO - Epoch finished. Average Loss: 0.0118
2025-09-18 17:59:22,476 - INFO - Epoch finished. Average Loss: 0.0118
2025-09-18 18:08:18,085 - INFO - Epoch finished. Average Loss: 0.0118
2025-09-18 18:17:13,377 - INFO - Epoch finished. Average Loss: 0.0118
2025-09-18 18:26:08,841 - INFO - Epoch finished. Average Loss: 0.0118
2025-09-18 18:35:04,118 - INFO - Epoch finished. Average Loss: 0.0118
2025-09-18 18:44:00,027 - INFO - Epoch finished. Average Loss: 0.0118
2025-09-18 18:52:57,011 - INFO - Epoch finished. Average Loss: 0.0118
2025-09-18 19:01:53,084 - INFO - Epoch finished. Average Loss: 0.0118
2025-09-18 19:10:48,299 - INFO - Epoch finished. Average Loss: 0.0118
2025-09-18 19:19:43,013 - INFO - Epoch finished. Average Loss: 0.0118
2025-09-18 19:28:37,566 - INFO - Epoch finished. Average Loss: 0.0118
2025-09-18 19:37:32,804 - INFO - Epoch finished. Average Loss: 0.0118
2025-09-18 19:46:27,788 - INFO - Epoch finished. Average Loss: 0.0118
2025-09-18 19:55:22,570 - INFO - Epoch finished. Average Loss: 0.0118
2025-09-18 20:04:17,237 - INFO - Epoch finished. Average Loss: 0.0118
2025-09-18 20:13:12,259 - INFO - Epoch finished. Average Loss: 0.0118
2025-09-18 20:22:07,453 - INFO - Epoch finished. Average Loss: 0.0118
2025-09-18 20:31:02,250 - INFO - Epoch finished. Average Loss: 0.0118
2025-09-18 20:39:56,868 - INFO - Epoch finished. Average Loss: 0.0118
2025-09-18 20:48:51,508 - INFO - Epoch finished. Average Loss: 0.0118
2025-09-18 20:57:46,416 - INFO - Epoch finished. Average Loss: 0.0118
2025-09-18 21:06:41,145 - INFO - Epoch finished. Average Loss: 0.0118
2025-09-18 21:15:36,068 - INFO - Epoch finished. Average Loss: 0.0118
2025-09-18 21:24:31,157 - INFO - Epoch finished. Average Loss: 0.0118
2025-09-18 21:33:26,016 - INFO - Epoch finished. Average Loss: 0.0118
2025-09-18 21:42:21,849 - INFO - Epoch finished. Average Loss: 0.0118
2025-09-18 21:51:16,742 - INFO - Epoch finished. Average Loss: 0.0118
2025-09-18 22:00:11,360 - INFO - Epoch finished. Average Loss: 0.0118
2025-09-18 22:09:06,234 - INFO - Epoch finished. Average Loss: 0.0118
2025-09-18 22:18:01,010 - INFO - Epoch finished. Average Loss: 0.0118
2025-09-18 22:26:55,370 - INFO - Epoch finished. Average Loss: 0.0118
2025-09-18 22:35:49,898 - INFO - Epoch finished. Average Loss: 0.0118
2025-09-18 22:44:44,832 - INFO - Epoch finished. Average Loss: 0.0118
2025-09-18 22:53:39,641 - INFO - Epoch finished. Average Loss: 0.0118
2025-09-18 23:02:34,307 - INFO - Epoch finished. Average Loss: 0.0118
2025-09-18 23:11:29,112 - INFO - Epoch finished. Average Loss: 0.0118
2025-09-18 23:20:25,595 - INFO - Epoch finished. Average Loss: 0.0118
2025-09-18 23:29:20,396 - INFO - Epoch finished. Average Loss: 0.0118
2025-09-18 23:38:14,943 - INFO - Epoch finished. Average Loss: 0.0118
2025-09-18 23:47:09,798 - INFO - Epoch finished. Average Loss: 0.0118
2025-09-18 23:56:04,463 - INFO - Epoch finished. Average Loss: 0.0118
2025-09-19 00:04:59,044 - INFO - Epoch finished. Average Loss: 0.0118
2025-09-19 00:13:53,692 - INFO - Epoch finished. Average Loss: 0.0118
2025-09-19 00:22:48,249 - INFO - Epoch finished. Average Loss: 0.0118
2025-09-19 00:31:42,832 - INFO - Epoch finished. Average Loss: 0.0118
2025-09-19 00:40:37,326 - INFO - Epoch finished. Average Loss: 0.0118
2025-09-19 00:49:32,138 - INFO - Epoch finished. Average Loss: 0.0118
2025-09-19 00:58:26,553 - INFO - Epoch finished. Average Loss: 0.0118
2025-09-19 01:07:21,367 - INFO - Epoch finished. Average Loss: 0.0118
2025-09-19 01:16:16,187 - INFO - Epoch finished. Average Loss: 0.0118
2025-09-19 01:25:11,070 - INFO - Epoch finished. Average Loss: 0.0118
2025-09-19 01:34:05,901 - INFO - Epoch finished. Average Loss: 0.0118
2025-09-19 01:43:00,945 - INFO - Epoch finished. Average Loss: 0.0118
2025-09-19 01:51:55,613 - INFO - Epoch finished. Average Loss: 0.0118
2025-09-19 02:00:50,630 - INFO - Epoch finished. Average Loss: 0.0118
2025-09-19 02:09:45,694 - INFO - Epoch finished. Average Loss: 0.0118
2025-09-19 02:18:40,955 - INFO - Epoch finished. Average Loss: 0.0118
2025-09-19 02:27:35,870 - INFO - Epoch finished. Average Loss: 0.0118
2025-09-19 02:36:31,120 - INFO - Epoch finished. Average Loss: 0.0118
2025-09-19 02:45:26,037 - INFO - Epoch finished. Average Loss: 0.0118
2025-09-19 02:54:21,245 - INFO - Epoch finished. Average Loss: 0.0118
2025-09-19 03:03:16,386 - INFO - Epoch finished. Average Loss: 0.0118
2025-09-19 03:12:11,351 - INFO - Epoch finished. Average Loss: 0.0118
2025-09-19 03:21:06,887 - INFO - Epoch finished. Average Loss: 0.0118
2025-09-19 03:30:01,740 - INFO - Epoch finished. Average Loss: 0.0118
2025-09-19 03:38:56,769 - INFO - Epoch finished. Average Loss: 0.0118
2025-09-19 03:47:52,138 - INFO - Epoch finished. Average Loss: 0.0118
2025-09-19 03:56:47,446 - INFO - Epoch finished. Average Loss: 0.0118
2025-09-19 04:05:42,304 - INFO - Epoch finished. Average Loss: 0.0118
2025-09-19 04:14:37,353 - INFO - Epoch finished. Average Loss: 0.0118
2025-09-19 04:23:32,278 - INFO - Epoch finished. Average Loss: 0.0118
2025-09-19 04:32:27,179 - INFO - Epoch finished. Average Loss: 0.0118
2025-09-19 04:41:22,137 - INFO - Epoch finished. Average Loss: 0.0118
2025-09-19 04:50:17,122 - INFO - Epoch finished. Average Loss: 0.0118
2025-09-19 04:59:12,095 - INFO - Epoch finished. Average Loss: 0.0118
2025-09-19 05:08:06,819 - INFO - Epoch finished. Average Loss: 0.0118
2025-09-19 05:17:01,973 - INFO - Epoch finished. Average Loss: 0.0118
2025-09-19 05:25:57,238 - INFO - Epoch finished. Average Loss: 0.0118
2025-09-19 05:25:57,240 - INFO - ============================================================
2025-09-19 05:25:57,240 - INFO - Training for mae completed.
2025-09-19 05:25:57,240 - INFO - ============================================================
2025-09-19 05:25:57,240 - INFO - Pre-training finished.
2025-09-19 05:26:03,104 - INFO - Final model saved to /media/mlr-lab/325C37DE7879ABF2/SSL_Tanishk/checkpoints/mae_(15-09-2025)
2025-09-19 05:26:03,104 - INFO - --- Starting Evaluations on Frozen Encoder ---
2025-09-19 05:34:53,252 - INFO - [RESULT] k-NN Accuracy: 36.34%
2025-09-19 08:11:22,858 - INFO - [RESULT] Linear Probe Accuracy: 58.12%
2025-09-19 08:11:22,859 - INFO - --- Generating Visualizations ---
2025-09-19 10:17:52,603 - INFO - SSL Implementation for mae completed.